[0.078s] Invoking command in '/home/vincent-pc/ros2_ws/build/examples_rclcpp_minimal_action_server': AMENT_PREFIX_PATH=/home/vincent-pc/ros2_ws/install/examples_rclcpp_minimal_action_server:${AMENT_PREFIX_PATH} CMAKE_PREFIX_PATH=/home/vincent-pc/ros2_ws/install/examples_rclcpp_minimal_action_server /usr/bin/ctest -C Release -D ExperimentalTest --no-compress-output -V --force-new-ctest-process
[0.110s] UpdateCTestConfiguration  from :/home/vincent-pc/ros2_ws/build/examples_rclcpp_minimal_action_server/CTestConfiguration.ini
[0.110s] Parse Config file:/home/vincent-pc/ros2_ws/build/examples_rclcpp_minimal_action_server/CTestConfiguration.ini
[0.110s]    Site: vincentpc-Aspire-A315-57G
[0.112s]    Build name: (empty)
[0.112s]  Add coverage exclude regular expressions.
[0.112s] SetCTestConfiguration:CMakeCommand:/usr/bin/cmake
[0.112s] Create new tag: 20241118-1535 - Experimental
[0.112s] UpdateCTestConfiguration  from :/home/vincent-pc/ros2_ws/build/examples_rclcpp_minimal_action_server/CTestConfiguration.ini
[0.113s] Parse Config file:/home/vincent-pc/ros2_ws/build/examples_rclcpp_minimal_action_server/CTestConfiguration.ini
[0.113s] Test project /home/vincent-pc/ros2_ws/build/examples_rclcpp_minimal_action_server
[0.113s] Constructing a list of tests
[0.113s] Done constructing a list of tests
[0.113s] Updating test list for fixtures
[0.113s] Added 0 tests to meet fixture requirements
[0.114s] Checking test dependency graph...
[0.114s] Checking test dependency graph end
[0.114s] test 1
[0.114s]     Start 1: copyright
[0.114s] 
[0.114s] 1: Test command: /usr/bin/python3 "-u" "/opt/ros/foxy/share/ament_cmake_test/cmake/run_test.py" "/home/vincent-pc/ros2_ws/build/examples_rclcpp_minimal_action_server/test_results/examples_rclcpp_minimal_action_server/copyright.xunit.xml" "--package-name" "examples_rclcpp_minimal_action_server" "--output-file" "/home/vincent-pc/ros2_ws/build/examples_rclcpp_minimal_action_server/ament_copyright/copyright.txt" "--command" "/opt/ros/foxy/bin/ament_copyright" "--xunit-file" "/home/vincent-pc/ros2_ws/build/examples_rclcpp_minimal_action_server/test_results/examples_rclcpp_minimal_action_server/copyright.xunit.xml"
[0.114s] 1: Test timeout computed to be: 60
[0.175s] 1: -- run_test.py: invoking following command in '/home/vincent-pc/ros2_ws/src/src/examples/rclcpp/actions/minimal_action_server':
[0.176s] 1:  - /opt/ros/foxy/bin/ament_copyright --xunit-file /home/vincent-pc/ros2_ws/build/examples_rclcpp_minimal_action_server/test_results/examples_rclcpp_minimal_action_server/copyright.xunit.xml
[0.511s] 1: No problems found, checked 2 files
[0.559s] 1: -- run_test.py: return code 0
[0.559s] 1: -- run_test.py: verify result file '/home/vincent-pc/ros2_ws/build/examples_rclcpp_minimal_action_server/test_results/examples_rclcpp_minimal_action_server/copyright.xunit.xml'
[0.580s] 1/6 Test #1: copyright ........................   Passed    0.49 sec
[0.581s] test 2
[0.582s]     Start 2: cppcheck
[0.582s] 
[0.582s] 2: Test command: /usr/bin/python3 "-u" "/opt/ros/foxy/share/ament_cmake_test/cmake/run_test.py" "/home/vincent-pc/ros2_ws/build/examples_rclcpp_minimal_action_server/test_results/examples_rclcpp_minimal_action_server/cppcheck.xunit.xml" "--package-name" "examples_rclcpp_minimal_action_server" "--output-file" "/home/vincent-pc/ros2_ws/build/examples_rclcpp_minimal_action_server/ament_cppcheck/cppcheck.txt" "--command" "/opt/ros/foxy/bin/ament_cppcheck" "--xunit-file" "/home/vincent-pc/ros2_ws/build/examples_rclcpp_minimal_action_server/test_results/examples_rclcpp_minimal_action_server/cppcheck.xunit.xml"
[0.582s] 2: Test timeout computed to be: 300
[0.682s] 2: -- run_test.py: invoking following command in '/home/vincent-pc/ros2_ws/src/src/examples/rclcpp/actions/minimal_action_server':
[0.683s] 2:  - /opt/ros/foxy/bin/ament_cppcheck --xunit-file /home/vincent-pc/ros2_ws/build/examples_rclcpp_minimal_action_server/test_results/examples_rclcpp_minimal_action_server/cppcheck.xunit.xml
[1.050s] 2: No problems found
[1.088s] 2: -- run_test.py: return code 0
[1.088s] 2: -- run_test.py: verify result file '/home/vincent-pc/ros2_ws/build/examples_rclcpp_minimal_action_server/test_results/examples_rclcpp_minimal_action_server/cppcheck.xunit.xml'
[1.120s] 2/6 Test #2: cppcheck .........................   Passed    0.54 sec
[1.121s] test 3
[1.122s]     Start 3: cpplint
[1.122s] 
[1.122s] 3: Test command: /usr/bin/python3 "-u" "/opt/ros/foxy/share/ament_cmake_test/cmake/run_test.py" "/home/vincent-pc/ros2_ws/build/examples_rclcpp_minimal_action_server/test_results/examples_rclcpp_minimal_action_server/cpplint.xunit.xml" "--package-name" "examples_rclcpp_minimal_action_server" "--output-file" "/home/vincent-pc/ros2_ws/build/examples_rclcpp_minimal_action_server/ament_cpplint/cpplint.txt" "--command" "/opt/ros/foxy/bin/ament_cpplint" "--xunit-file" "/home/vincent-pc/ros2_ws/build/examples_rclcpp_minimal_action_server/test_results/examples_rclcpp_minimal_action_server/cpplint.xunit.xml"
[1.122s] 3: Test timeout computed to be: 120
[1.232s] 3: -- run_test.py: invoking following command in '/home/vincent-pc/ros2_ws/src/src/examples/rclcpp/actions/minimal_action_server':
[1.233s] 3:  - /opt/ros/foxy/bin/ament_cpplint --xunit-file /home/vincent-pc/ros2_ws/build/examples_rclcpp_minimal_action_server/test_results/examples_rclcpp_minimal_action_server/cpplint.xunit.xml
[1.704s] 3: Using '--root=..' argument
[1.704s] 3: 
[1.704s] 3: Done processing /home/vincent-pc/ros2_ws/src/src/examples/rclcpp/actions/minimal_action_server/member_functions.cpp
[1.704s] 3: 
[1.704s] 3: Done processing /home/vincent-pc/ros2_ws/src/src/examples/rclcpp/actions/minimal_action_server/not_composable.cpp
[1.704s] 3: 
[1.704s] 3: No problems found
[1.746s] 3: -- run_test.py: return code 0
[1.747s] 3: -- run_test.py: verify result file '/home/vincent-pc/ros2_ws/build/examples_rclcpp_minimal_action_server/test_results/examples_rclcpp_minimal_action_server/cpplint.xunit.xml'
[1.763s] 3/6 Test #3: cpplint ..........................   Passed    0.64 sec
[1.763s] test 4
[1.763s]     Start 4: lint_cmake
[1.763s] 
[1.764s] 4: Test command: /usr/bin/python3 "-u" "/opt/ros/foxy/share/ament_cmake_test/cmake/run_test.py" "/home/vincent-pc/ros2_ws/build/examples_rclcpp_minimal_action_server/test_results/examples_rclcpp_minimal_action_server/lint_cmake.xunit.xml" "--package-name" "examples_rclcpp_minimal_action_server" "--output-file" "/home/vincent-pc/ros2_ws/build/examples_rclcpp_minimal_action_server/ament_lint_cmake/lint_cmake.txt" "--command" "/opt/ros/foxy/bin/ament_lint_cmake" "--xunit-file" "/home/vincent-pc/ros2_ws/build/examples_rclcpp_minimal_action_server/test_results/examples_rclcpp_minimal_action_server/lint_cmake.xunit.xml"
[1.764s] 4: Test timeout computed to be: 60
[1.867s] 4: -- run_test.py: invoking following command in '/home/vincent-pc/ros2_ws/src/src/examples/rclcpp/actions/minimal_action_server':
[1.867s] 4:  - /opt/ros/foxy/bin/ament_lint_cmake --xunit-file /home/vincent-pc/ros2_ws/build/examples_rclcpp_minimal_action_server/test_results/examples_rclcpp_minimal_action_server/lint_cmake.xunit.xml
[2.218s] 4: 
[2.218s] 4: No problems found
[2.257s] 4: -- run_test.py: return code 0
[2.257s] 4: -- run_test.py: verify result file '/home/vincent-pc/ros2_ws/build/examples_rclcpp_minimal_action_server/test_results/examples_rclcpp_minimal_action_server/lint_cmake.xunit.xml'
[2.276s] 4/6 Test #4: lint_cmake .......................   Passed    0.51 sec
[2.276s] test 5
[2.277s]     Start 5: uncrustify
[2.277s] 
[2.277s] 5: Test command: /usr/bin/python3 "-u" "/opt/ros/foxy/share/ament_cmake_test/cmake/run_test.py" "/home/vincent-pc/ros2_ws/build/examples_rclcpp_minimal_action_server/test_results/examples_rclcpp_minimal_action_server/uncrustify.xunit.xml" "--package-name" "examples_rclcpp_minimal_action_server" "--output-file" "/home/vincent-pc/ros2_ws/build/examples_rclcpp_minimal_action_server/ament_uncrustify/uncrustify.txt" "--command" "/opt/ros/foxy/bin/ament_uncrustify" "--xunit-file" "/home/vincent-pc/ros2_ws/build/examples_rclcpp_minimal_action_server/test_results/examples_rclcpp_minimal_action_server/uncrustify.xunit.xml"
[2.277s] 5: Test timeout computed to be: 60
[2.384s] 5: -- run_test.py: invoking following command in '/home/vincent-pc/ros2_ws/src/src/examples/rclcpp/actions/minimal_action_server':
[2.384s] 5:  - /opt/ros/foxy/bin/ament_uncrustify --xunit-file /home/vincent-pc/ros2_ws/build/examples_rclcpp_minimal_action_server/test_results/examples_rclcpp_minimal_action_server/uncrustify.xunit.xml
[2.732s] 5: No code style divergence in file 'member_functions.cpp'
[2.733s] 5: 
[2.733s] 5: No code style divergence in file 'not_composable.cpp'
[2.733s] 5: 
[2.733s] 5: No problems found
[2.782s] 5: -- run_test.py: return code 0
[2.783s] 5: -- run_test.py: verify result file '/home/vincent-pc/ros2_ws/build/examples_rclcpp_minimal_action_server/test_results/examples_rclcpp_minimal_action_server/uncrustify.xunit.xml'
[2.789s] 5/6 Test #5: uncrustify .......................   Passed    0.51 sec
[2.790s] test 6
[2.790s]     Start 6: xmllint
[2.790s] 
[2.790s] 6: Test command: /usr/bin/python3 "-u" "/opt/ros/foxy/share/ament_cmake_test/cmake/run_test.py" "/home/vincent-pc/ros2_ws/build/examples_rclcpp_minimal_action_server/test_results/examples_rclcpp_minimal_action_server/xmllint.xunit.xml" "--package-name" "examples_rclcpp_minimal_action_server" "--output-file" "/home/vincent-pc/ros2_ws/build/examples_rclcpp_minimal_action_server/ament_xmllint/xmllint.txt" "--command" "/opt/ros/foxy/bin/ament_xmllint" "--xunit-file" "/home/vincent-pc/ros2_ws/build/examples_rclcpp_minimal_action_server/test_results/examples_rclcpp_minimal_action_server/xmllint.xunit.xml"
[2.790s] 6: Test timeout computed to be: 60
[2.892s] 6: -- run_test.py: invoking following command in '/home/vincent-pc/ros2_ws/src/src/examples/rclcpp/actions/minimal_action_server':
[2.892s] 6:  - /opt/ros/foxy/bin/ament_xmllint --xunit-file /home/vincent-pc/ros2_ws/build/examples_rclcpp_minimal_action_server/test_results/examples_rclcpp_minimal_action_server/xmllint.xunit.xml
[3.275s] 6: File 'package.xml' is invalid:
[3.275s] 6: error : Resource temporarily unavailable
[3.276s] 6: warning: failed to load external entity "http://download.ros.org/schema/package_format2.xsd"
[3.276s] 6: Schemas parser error : Failed to locate the main schema resource at 'http://download.ros.org/schema/package_format2.xsd'.
[3.276s] 6: WXS schema http://download.ros.org/schema/package_format2.xsd failed to compile
[3.276s] 6: 
[3.276s] 6: 1 files are invalid
[3.308s] 6: -- run_test.py: return code 1
[3.308s] 6: -- run_test.py: verify result file '/home/vincent-pc/ros2_ws/build/examples_rclcpp_minimal_action_server/test_results/examples_rclcpp_minimal_action_server/xmllint.xunit.xml'
[3.375s] 6/6 Test #6: xmllint ..........................***Failed    0.55 sec
[3.375s] 
[3.375s] 83% tests passed[0;0m, [0;31m1 tests failed[0;0m out of 6
[3.375s] 
[3.375s] Label Time Summary:
[3.376s] copyright     =   0.49 sec*proc (1 test)
[3.376s] cppcheck      =   0.54 sec*proc (1 test)
[3.376s] cpplint       =   0.64 sec*proc (1 test)
[3.377s] lint_cmake    =   0.51 sec*proc (1 test)
[3.377s] linter        =   3.24 sec*proc (6 tests)
[3.378s] uncrustify    =   0.51 sec*proc (1 test)
[3.380s] xmllint       =   0.55 sec*proc (1 test)
[3.380s] 
[3.381s] Total Test time (real) =   3.25 sec
[3.381s] 
[3.381s] The following tests FAILED:
[3.381s] 	[0;31m  6 - xmllint (Failed)[0;0m
[3.381s] Errors while running CTest
[3.415s] Invoked command in '/home/vincent-pc/ros2_ws/build/examples_rclcpp_minimal_action_server' returned '8': AMENT_PREFIX_PATH=/home/vincent-pc/ros2_ws/install/examples_rclcpp_minimal_action_server:${AMENT_PREFIX_PATH} CMAKE_PREFIX_PATH=/home/vincent-pc/ros2_ws/install/examples_rclcpp_minimal_action_server /usr/bin/ctest -C Release -D ExperimentalTest --no-compress-output -V --force-new-ctest-process
