[0.075s] Invoking command in '/home/vincent-pc/ros2_ws/build/examples_rclcpp_minimal_service': AMENT_PREFIX_PATH=/home/vincent-pc/ros2_ws/install/examples_rclcpp_minimal_service:${AMENT_PREFIX_PATH} CMAKE_PREFIX_PATH=/home/vincent-pc/ros2_ws/install/examples_rclcpp_minimal_service /usr/bin/ctest -C Release -D ExperimentalTest --no-compress-output -V --force-new-ctest-process
[0.114s] UpdateCTestConfiguration  from :/home/vincent-pc/ros2_ws/build/examples_rclcpp_minimal_service/CTestConfiguration.ini
[0.114s] Parse Config file:/home/vincent-pc/ros2_ws/build/examples_rclcpp_minimal_service/CTestConfiguration.ini
[0.114s]    Site: vincentpc-Aspire-A315-57G
[0.114s]    Build name: (empty)
[0.114s]  Add coverage exclude regular expressions.
[0.114s] SetCTestConfiguration:CMakeCommand:/usr/bin/cmake
[0.114s] Create new tag: 20241118-1535 - Experimental
[0.114s] UpdateCTestConfiguration  from :/home/vincent-pc/ros2_ws/build/examples_rclcpp_minimal_service/CTestConfiguration.ini
[0.114s] Parse Config file:/home/vincent-pc/ros2_ws/build/examples_rclcpp_minimal_service/CTestConfiguration.ini
[0.115s] Test project /home/vincent-pc/ros2_ws/build/examples_rclcpp_minimal_service
[0.115s] Constructing a list of tests
[0.115s] Done constructing a list of tests
[0.115s] Updating test list for fixtures
[0.115s] Added 0 tests to meet fixture requirements
[0.115s] Checking test dependency graph...
[0.115s] Checking test dependency graph end
[0.115s] test 1
[0.115s]     Start 1: copyright
[0.115s] 
[0.116s] 1: Test command: /usr/bin/python3 "-u" "/opt/ros/foxy/share/ament_cmake_test/cmake/run_test.py" "/home/vincent-pc/ros2_ws/build/examples_rclcpp_minimal_service/test_results/examples_rclcpp_minimal_service/copyright.xunit.xml" "--package-name" "examples_rclcpp_minimal_service" "--output-file" "/home/vincent-pc/ros2_ws/build/examples_rclcpp_minimal_service/ament_copyright/copyright.txt" "--command" "/opt/ros/foxy/bin/ament_copyright" "--xunit-file" "/home/vincent-pc/ros2_ws/build/examples_rclcpp_minimal_service/test_results/examples_rclcpp_minimal_service/copyright.xunit.xml"
[0.116s] 1: Test timeout computed to be: 60
[0.189s] 1: -- run_test.py: invoking following command in '/home/vincent-pc/ros2_ws/src/src/examples/rclcpp/services/minimal_service':
[0.189s] 1:  - /opt/ros/foxy/bin/ament_copyright --xunit-file /home/vincent-pc/ros2_ws/build/examples_rclcpp_minimal_service/test_results/examples_rclcpp_minimal_service/copyright.xunit.xml
[0.521s] 1: No problems found, checked 1 files
[0.565s] 1: -- run_test.py: return code 0
[0.565s] 1: -- run_test.py: verify result file '/home/vincent-pc/ros2_ws/build/examples_rclcpp_minimal_service/test_results/examples_rclcpp_minimal_service/copyright.xunit.xml'
[0.587s] 1/6 Test #1: copyright ........................   Passed    0.49 sec
[0.588s] test 2
[0.588s]     Start 2: cppcheck
[0.589s] 
[0.590s] 2: Test command: /usr/bin/python3 "-u" "/opt/ros/foxy/share/ament_cmake_test/cmake/run_test.py" "/home/vincent-pc/ros2_ws/build/examples_rclcpp_minimal_service/test_results/examples_rclcpp_minimal_service/cppcheck.xunit.xml" "--package-name" "examples_rclcpp_minimal_service" "--output-file" "/home/vincent-pc/ros2_ws/build/examples_rclcpp_minimal_service/ament_cppcheck/cppcheck.txt" "--command" "/opt/ros/foxy/bin/ament_cppcheck" "--xunit-file" "/home/vincent-pc/ros2_ws/build/examples_rclcpp_minimal_service/test_results/examples_rclcpp_minimal_service/cppcheck.xunit.xml"
[0.590s] 2: Test timeout computed to be: 300
[0.683s] 2: -- run_test.py: invoking following command in '/home/vincent-pc/ros2_ws/src/src/examples/rclcpp/services/minimal_service':
[0.683s] 2:  - /opt/ros/foxy/bin/ament_cppcheck --xunit-file /home/vincent-pc/ros2_ws/build/examples_rclcpp_minimal_service/test_results/examples_rclcpp_minimal_service/cppcheck.xunit.xml
[1.037s] 2: No problems found
[1.085s] 2: -- run_test.py: return code 0
[1.085s] 2: -- run_test.py: verify result file '/home/vincent-pc/ros2_ws/build/examples_rclcpp_minimal_service/test_results/examples_rclcpp_minimal_service/cppcheck.xunit.xml'
[1.111s] 2/6 Test #2: cppcheck .........................   Passed    0.52 sec
[1.112s] test 3
[1.114s]     Start 3: cpplint
[1.114s] 
[1.114s] 3: Test command: /usr/bin/python3 "-u" "/opt/ros/foxy/share/ament_cmake_test/cmake/run_test.py" "/home/vincent-pc/ros2_ws/build/examples_rclcpp_minimal_service/test_results/examples_rclcpp_minimal_service/cpplint.xunit.xml" "--package-name" "examples_rclcpp_minimal_service" "--output-file" "/home/vincent-pc/ros2_ws/build/examples_rclcpp_minimal_service/ament_cpplint/cpplint.txt" "--command" "/opt/ros/foxy/bin/ament_cpplint" "--xunit-file" "/home/vincent-pc/ros2_ws/build/examples_rclcpp_minimal_service/test_results/examples_rclcpp_minimal_service/cpplint.xunit.xml"
[1.114s] 3: Test timeout computed to be: 120
[1.233s] 3: -- run_test.py: invoking following command in '/home/vincent-pc/ros2_ws/src/src/examples/rclcpp/services/minimal_service':
[1.233s] 3:  - /opt/ros/foxy/bin/ament_cpplint --xunit-file /home/vincent-pc/ros2_ws/build/examples_rclcpp_minimal_service/test_results/examples_rclcpp_minimal_service/cpplint.xunit.xml
[1.616s] 3: Using '--root=..' argument
[1.616s] 3: 
[1.616s] 3: Done processing /home/vincent-pc/ros2_ws/src/src/examples/rclcpp/services/minimal_service/main.cpp
[1.616s] 3: 
[1.616s] 3: No problems found
[1.649s] 3: -- run_test.py: return code 0
[1.649s] 3: -- run_test.py: verify result file '/home/vincent-pc/ros2_ws/build/examples_rclcpp_minimal_service/test_results/examples_rclcpp_minimal_service/cpplint.xunit.xml'
[1.665s] 3/6 Test #3: cpplint ..........................   Passed    0.55 sec
[1.665s] test 4
[1.665s]     Start 4: lint_cmake
[1.665s] 
[1.665s] 4: Test command: /usr/bin/python3 "-u" "/opt/ros/foxy/share/ament_cmake_test/cmake/run_test.py" "/home/vincent-pc/ros2_ws/build/examples_rclcpp_minimal_service/test_results/examples_rclcpp_minimal_service/lint_cmake.xunit.xml" "--package-name" "examples_rclcpp_minimal_service" "--output-file" "/home/vincent-pc/ros2_ws/build/examples_rclcpp_minimal_service/ament_lint_cmake/lint_cmake.txt" "--command" "/opt/ros/foxy/bin/ament_lint_cmake" "--xunit-file" "/home/vincent-pc/ros2_ws/build/examples_rclcpp_minimal_service/test_results/examples_rclcpp_minimal_service/lint_cmake.xunit.xml"
[1.665s] 4: Test timeout computed to be: 60
[1.779s] 4: -- run_test.py: invoking following command in '/home/vincent-pc/ros2_ws/src/src/examples/rclcpp/services/minimal_service':
[1.779s] 4:  - /opt/ros/foxy/bin/ament_lint_cmake --xunit-file /home/vincent-pc/ros2_ws/build/examples_rclcpp_minimal_service/test_results/examples_rclcpp_minimal_service/lint_cmake.xunit.xml
[2.141s] 4: 
[2.141s] 4: No problems found
[2.170s] 4: -- run_test.py: return code 0
[2.171s] 4: -- run_test.py: verify result file '/home/vincent-pc/ros2_ws/build/examples_rclcpp_minimal_service/test_results/examples_rclcpp_minimal_service/lint_cmake.xunit.xml'
[2.186s] 4/6 Test #4: lint_cmake .......................   Passed    0.52 sec
[2.187s] test 5
[2.188s]     Start 5: uncrustify
[2.188s] 
[2.189s] 5: Test command: /usr/bin/python3 "-u" "/opt/ros/foxy/share/ament_cmake_test/cmake/run_test.py" "/home/vincent-pc/ros2_ws/build/examples_rclcpp_minimal_service/test_results/examples_rclcpp_minimal_service/uncrustify.xunit.xml" "--package-name" "examples_rclcpp_minimal_service" "--output-file" "/home/vincent-pc/ros2_ws/build/examples_rclcpp_minimal_service/ament_uncrustify/uncrustify.txt" "--command" "/opt/ros/foxy/bin/ament_uncrustify" "--xunit-file" "/home/vincent-pc/ros2_ws/build/examples_rclcpp_minimal_service/test_results/examples_rclcpp_minimal_service/uncrustify.xunit.xml"
[2.189s] 5: Test timeout computed to be: 60
[2.300s] 5: -- run_test.py: invoking following command in '/home/vincent-pc/ros2_ws/src/src/examples/rclcpp/services/minimal_service':
[2.300s] 5:  - /opt/ros/foxy/bin/ament_uncrustify --xunit-file /home/vincent-pc/ros2_ws/build/examples_rclcpp_minimal_service/test_results/examples_rclcpp_minimal_service/uncrustify.xunit.xml
[2.661s] 5: No code style divergence in file 'main.cpp'
[2.661s] 5: 
[2.661s] 5: No problems found
[2.691s] 5: -- run_test.py: return code 0
[2.691s] 5: -- run_test.py: verify result file '/home/vincent-pc/ros2_ws/build/examples_rclcpp_minimal_service/test_results/examples_rclcpp_minimal_service/uncrustify.xunit.xml'
[2.712s] 5/6 Test #5: uncrustify .......................   Passed    0.52 sec
[2.712s] test 6
[2.713s]     Start 6: xmllint
[2.713s] 
[2.713s] 6: Test command: /usr/bin/python3 "-u" "/opt/ros/foxy/share/ament_cmake_test/cmake/run_test.py" "/home/vincent-pc/ros2_ws/build/examples_rclcpp_minimal_service/test_results/examples_rclcpp_minimal_service/xmllint.xunit.xml" "--package-name" "examples_rclcpp_minimal_service" "--output-file" "/home/vincent-pc/ros2_ws/build/examples_rclcpp_minimal_service/ament_xmllint/xmllint.txt" "--command" "/opt/ros/foxy/bin/ament_xmllint" "--xunit-file" "/home/vincent-pc/ros2_ws/build/examples_rclcpp_minimal_service/test_results/examples_rclcpp_minimal_service/xmllint.xunit.xml"
[2.713s] 6: Test timeout computed to be: 60
[2.817s] 6: -- run_test.py: invoking following command in '/home/vincent-pc/ros2_ws/src/src/examples/rclcpp/services/minimal_service':
[2.817s] 6:  - /opt/ros/foxy/bin/ament_xmllint --xunit-file /home/vincent-pc/ros2_ws/build/examples_rclcpp_minimal_service/test_results/examples_rclcpp_minimal_service/xmllint.xunit.xml
[3.239s] 6: File 'package.xml' is invalid:
[3.239s] 6: error : Resource temporarily unavailable
[3.240s] 6: warning: failed to load external entity "http://download.ros.org/schema/package_format2.xsd"
[3.240s] 6: Schemas parser error : Failed to locate the main schema resource at 'http://download.ros.org/schema/package_format2.xsd'.
[3.240s] 6: WXS schema http://download.ros.org/schema/package_format2.xsd failed to compile
[3.240s] 6: 
[3.240s] 6: 1 files are invalid
[3.340s] 6: -- run_test.py: return code 1
[3.341s] 6: -- run_test.py: verify result file '/home/vincent-pc/ros2_ws/build/examples_rclcpp_minimal_service/test_results/examples_rclcpp_minimal_service/xmllint.xunit.xml'
[3.379s] 6/6 Test #6: xmllint ..........................***Failed    0.62 sec
[3.380s] 
[3.381s] 83% tests passed[0;0m, [0;31m1 tests failed[0;0m out of 6
[3.382s] 
[3.384s] Label Time Summary:
[3.384s] copyright     =   0.49 sec*proc (1 test)
[3.384s] cppcheck      =   0.52 sec*proc (1 test)
[3.384s] cpplint       =   0.55 sec*proc (1 test)
[3.384s] lint_cmake    =   0.52 sec*proc (1 test)
[3.384s] linter        =   3.23 sec*proc (6 tests)
[3.384s] uncrustify    =   0.52 sec*proc (1 test)
[3.384s] xmllint       =   0.62 sec*proc (1 test)
[3.385s] 
[3.385s] Total Test time (real) =   3.24 sec
[3.385s] 
[3.385s] The following tests FAILED:
[3.385s] 	[0;31m  6 - xmllint (Failed)[0;0m
[3.392s] Errors while running CTest
[3.400s] Invoked command in '/home/vincent-pc/ros2_ws/build/examples_rclcpp_minimal_service' returned '8': AMENT_PREFIX_PATH=/home/vincent-pc/ros2_ws/install/examples_rclcpp_minimal_service:${AMENT_PREFIX_PATH} CMAKE_PREFIX_PATH=/home/vincent-pc/ros2_ws/install/examples_rclcpp_minimal_service /usr/bin/ctest -C Release -D ExperimentalTest --no-compress-output -V --force-new-ctest-process
