[0.116s] Invoking command in '/home/vincent-pc/ros2_ws/build/examples_rclcpp_minimal_subscriber': AMENT_PREFIX_PATH=/home/vincent-pc/ros2_ws/install/examples_rclcpp_minimal_subscriber:${AMENT_PREFIX_PATH} CMAKE_PREFIX_PATH=/home/vincent-pc/ros2_ws/install/examples_rclcpp_minimal_subscriber /usr/bin/ctest -C Release -D ExperimentalTest --no-compress-output -V --force-new-ctest-process
[3.308s] UpdateCTestConfiguration  from :/home/vincent-pc/ros2_ws/build/examples_rclcpp_minimal_subscriber/CTestConfiguration.ini
[3.309s] Parse Config file:/home/vincent-pc/ros2_ws/build/examples_rclcpp_minimal_subscriber/CTestConfiguration.ini
[3.311s]    Site: vincentpc-Aspire-A315-57G
[3.312s]    Build name: (empty)
[3.312s]  Add coverage exclude regular expressions.
[3.313s] SetCTestConfiguration:CMakeCommand:/usr/bin/cmake
[3.313s] Create new tag: 20241118-1535 - Experimental
[3.313s] UpdateCTestConfiguration  from :/home/vincent-pc/ros2_ws/build/examples_rclcpp_minimal_subscriber/CTestConfiguration.ini
[3.313s] Parse Config file:/home/vincent-pc/ros2_ws/build/examples_rclcpp_minimal_subscriber/CTestConfiguration.ini
[3.314s] Test project /home/vincent-pc/ros2_ws/build/examples_rclcpp_minimal_subscriber
[3.314s] Constructing a list of tests
[3.314s] Done constructing a list of tests
[3.314s] Updating test list for fixtures
[3.314s] Added 0 tests to meet fixture requirements
[3.314s] Checking test dependency graph...
[3.315s] Checking test dependency graph end
[3.315s] test 1
[3.315s]     Start 1: copyright
[3.315s] 
[3.315s] 1: Test command: /usr/bin/python3 "-u" "/opt/ros/foxy/share/ament_cmake_test/cmake/run_test.py" "/home/vincent-pc/ros2_ws/build/examples_rclcpp_minimal_subscriber/test_results/examples_rclcpp_minimal_subscriber/copyright.xunit.xml" "--package-name" "examples_rclcpp_minimal_subscriber" "--output-file" "/home/vincent-pc/ros2_ws/build/examples_rclcpp_minimal_subscriber/ament_copyright/copyright.txt" "--command" "/opt/ros/foxy/bin/ament_copyright" "--xunit-file" "/home/vincent-pc/ros2_ws/build/examples_rclcpp_minimal_subscriber/test_results/examples_rclcpp_minimal_subscriber/copyright.xunit.xml"
[3.315s] 1: Test timeout computed to be: 60
[3.316s] 1: -- run_test.py: invoking following command in '/home/vincent-pc/ros2_ws/src/src/examples/rclcpp/topics/minimal_subscriber':
[3.316s] 1:  - /opt/ros/foxy/bin/ament_copyright --xunit-file /home/vincent-pc/ros2_ws/build/examples_rclcpp_minimal_subscriber/test_results/examples_rclcpp_minimal_subscriber/copyright.xunit.xml
[3.316s] 1: No problems found, checked 3 files
[3.316s] 1: -- run_test.py: return code 0
[3.316s] 1: -- run_test.py: verify result file '/home/vincent-pc/ros2_ws/build/examples_rclcpp_minimal_subscriber/test_results/examples_rclcpp_minimal_subscriber/copyright.xunit.xml'
[3.316s] 1/6 Test #1: copyright ........................   Passed    0.49 sec
[3.316s] test 2
[3.316s]     Start 2: cppcheck
[3.317s] 
[3.317s] 2: Test command: /usr/bin/python3 "-u" "/opt/ros/foxy/share/ament_cmake_test/cmake/run_test.py" "/home/vincent-pc/ros2_ws/build/examples_rclcpp_minimal_subscriber/test_results/examples_rclcpp_minimal_subscriber/cppcheck.xunit.xml" "--package-name" "examples_rclcpp_minimal_subscriber" "--output-file" "/home/vincent-pc/ros2_ws/build/examples_rclcpp_minimal_subscriber/ament_cppcheck/cppcheck.txt" "--command" "/opt/ros/foxy/bin/ament_cppcheck" "--xunit-file" "/home/vincent-pc/ros2_ws/build/examples_rclcpp_minimal_subscriber/test_results/examples_rclcpp_minimal_subscriber/cppcheck.xunit.xml"
[3.317s] 2: Test timeout computed to be: 300
[3.317s] 2: -- run_test.py: invoking following command in '/home/vincent-pc/ros2_ws/src/src/examples/rclcpp/topics/minimal_subscriber':
[3.318s] 2:  - /opt/ros/foxy/bin/ament_cppcheck --xunit-file /home/vincent-pc/ros2_ws/build/examples_rclcpp_minimal_subscriber/test_results/examples_rclcpp_minimal_subscriber/cppcheck.xunit.xml
[3.320s] 2: No problems found
[3.321s] 2: -- run_test.py: return code 0
[3.321s] 2: -- run_test.py: verify result file '/home/vincent-pc/ros2_ws/build/examples_rclcpp_minimal_subscriber/test_results/examples_rclcpp_minimal_subscriber/cppcheck.xunit.xml'
[3.321s] 2/6 Test #2: cppcheck .........................   Passed    0.55 sec
[3.321s] test 3
[3.322s]     Start 3: cpplint
[3.322s] 
[3.322s] 3: Test command: /usr/bin/python3 "-u" "/opt/ros/foxy/share/ament_cmake_test/cmake/run_test.py" "/home/vincent-pc/ros2_ws/build/examples_rclcpp_minimal_subscriber/test_results/examples_rclcpp_minimal_subscriber/cpplint.xunit.xml" "--package-name" "examples_rclcpp_minimal_subscriber" "--output-file" "/home/vincent-pc/ros2_ws/build/examples_rclcpp_minimal_subscriber/ament_cpplint/cpplint.txt" "--command" "/opt/ros/foxy/bin/ament_cpplint" "--xunit-file" "/home/vincent-pc/ros2_ws/build/examples_rclcpp_minimal_subscriber/test_results/examples_rclcpp_minimal_subscriber/cpplint.xunit.xml"
[3.322s] 3: Test timeout computed to be: 120
[3.322s] 3: -- run_test.py: invoking following command in '/home/vincent-pc/ros2_ws/src/src/examples/rclcpp/topics/minimal_subscriber':
[3.323s] 3:  - /opt/ros/foxy/bin/ament_cpplint --xunit-file /home/vincent-pc/ros2_ws/build/examples_rclcpp_minimal_subscriber/test_results/examples_rclcpp_minimal_subscriber/cpplint.xunit.xml
[3.323s] 3: Using '--root=..' argument
[3.323s] 3: 
[3.323s] 3: Done processing /home/vincent-pc/ros2_ws/src/src/examples/rclcpp/topics/minimal_subscriber/lambda.cpp
[3.324s] 3: 
[3.324s] 3: Done processing /home/vincent-pc/ros2_ws/src/src/examples/rclcpp/topics/minimal_subscriber/member_function.cpp
[3.324s] 3: 
[3.326s] 3: Done processing /home/vincent-pc/ros2_ws/src/src/examples/rclcpp/topics/minimal_subscriber/not_composable.cpp
[3.326s] 3: 
[3.326s] 3: No problems found
[3.326s] 3: -- run_test.py: return code 0
[3.327s] 3: -- run_test.py: verify result file '/home/vincent-pc/ros2_ws/build/examples_rclcpp_minimal_subscriber/test_results/examples_rclcpp_minimal_subscriber/cpplint.xunit.xml'
[3.327s] 3/6 Test #3: cpplint ..........................   Passed    0.62 sec
[3.327s] test 4
[3.327s]     Start 4: lint_cmake
[3.327s] 
[3.327s] 4: Test command: /usr/bin/python3 "-u" "/opt/ros/foxy/share/ament_cmake_test/cmake/run_test.py" "/home/vincent-pc/ros2_ws/build/examples_rclcpp_minimal_subscriber/test_results/examples_rclcpp_minimal_subscriber/lint_cmake.xunit.xml" "--package-name" "examples_rclcpp_minimal_subscriber" "--output-file" "/home/vincent-pc/ros2_ws/build/examples_rclcpp_minimal_subscriber/ament_lint_cmake/lint_cmake.txt" "--command" "/opt/ros/foxy/bin/ament_lint_cmake" "--xunit-file" "/home/vincent-pc/ros2_ws/build/examples_rclcpp_minimal_subscriber/test_results/examples_rclcpp_minimal_subscriber/lint_cmake.xunit.xml"
[3.327s] 4: Test timeout computed to be: 60
[3.328s] 4: -- run_test.py: invoking following command in '/home/vincent-pc/ros2_ws/src/src/examples/rclcpp/topics/minimal_subscriber':
[3.328s] 4:  - /opt/ros/foxy/bin/ament_lint_cmake --xunit-file /home/vincent-pc/ros2_ws/build/examples_rclcpp_minimal_subscriber/test_results/examples_rclcpp_minimal_subscriber/lint_cmake.xunit.xml
[3.328s] 4: 
[3.329s] 4: No problems found
[3.329s] 4: -- run_test.py: return code 0
[3.329s] 4: -- run_test.py: verify result file '/home/vincent-pc/ros2_ws/build/examples_rclcpp_minimal_subscriber/test_results/examples_rclcpp_minimal_subscriber/lint_cmake.xunit.xml'
[3.330s] 4/6 Test #4: lint_cmake .......................   Passed    0.52 sec
[3.330s] test 5
[3.333s]     Start 5: uncrustify
[3.333s] 
[3.333s] 5: Test command: /usr/bin/python3 "-u" "/opt/ros/foxy/share/ament_cmake_test/cmake/run_test.py" "/home/vincent-pc/ros2_ws/build/examples_rclcpp_minimal_subscriber/test_results/examples_rclcpp_minimal_subscriber/uncrustify.xunit.xml" "--package-name" "examples_rclcpp_minimal_subscriber" "--output-file" "/home/vincent-pc/ros2_ws/build/examples_rclcpp_minimal_subscriber/ament_uncrustify/uncrustify.txt" "--command" "/opt/ros/foxy/bin/ament_uncrustify" "--xunit-file" "/home/vincent-pc/ros2_ws/build/examples_rclcpp_minimal_subscriber/test_results/examples_rclcpp_minimal_subscriber/uncrustify.xunit.xml"
[3.333s] 5: Test timeout computed to be: 60
[3.333s] 5: -- run_test.py: invoking following command in '/home/vincent-pc/ros2_ws/src/src/examples/rclcpp/topics/minimal_subscriber':
[3.334s] 5:  - /opt/ros/foxy/bin/ament_uncrustify --xunit-file /home/vincent-pc/ros2_ws/build/examples_rclcpp_minimal_subscriber/test_results/examples_rclcpp_minimal_subscriber/uncrustify.xunit.xml
[3.334s] 5: No code style divergence in file 'lambda.cpp'
[3.334s] 5: 
[3.334s] 5: No code style divergence in file 'member_function.cpp'
[3.334s] 5: 
[3.334s] 5: No code style divergence in file 'not_composable.cpp'
[3.334s] 5: 
[3.334s] 5: No problems found
[3.334s] 5: -- run_test.py: return code 0
[3.334s] 5: -- run_test.py: verify result file '/home/vincent-pc/ros2_ws/build/examples_rclcpp_minimal_subscriber/test_results/examples_rclcpp_minimal_subscriber/uncrustify.xunit.xml'
[3.334s] 5/6 Test #5: uncrustify .......................   Passed    0.52 sec
[3.334s] test 6
[3.334s]     Start 6: xmllint
[3.334s] 
[3.335s] 6: Test command: /usr/bin/python3 "-u" "/opt/ros/foxy/share/ament_cmake_test/cmake/run_test.py" "/home/vincent-pc/ros2_ws/build/examples_rclcpp_minimal_subscriber/test_results/examples_rclcpp_minimal_subscriber/xmllint.xunit.xml" "--package-name" "examples_rclcpp_minimal_subscriber" "--output-file" "/home/vincent-pc/ros2_ws/build/examples_rclcpp_minimal_subscriber/ament_xmllint/xmllint.txt" "--command" "/opt/ros/foxy/bin/ament_xmllint" "--xunit-file" "/home/vincent-pc/ros2_ws/build/examples_rclcpp_minimal_subscriber/test_results/examples_rclcpp_minimal_subscriber/xmllint.xunit.xml"
[3.335s] 6: Test timeout computed to be: 60
[3.335s] 6: -- run_test.py: invoking following command in '/home/vincent-pc/ros2_ws/src/src/examples/rclcpp/topics/minimal_subscriber':
[3.335s] 6:  - /opt/ros/foxy/bin/ament_xmllint --xunit-file /home/vincent-pc/ros2_ws/build/examples_rclcpp_minimal_subscriber/test_results/examples_rclcpp_minimal_subscriber/xmllint.xunit.xml
[3.380s] 6: File 'package.xml' is invalid:
[3.380s] 6: error : Resource temporarily unavailable
[3.380s] 6: warning: failed to load external entity "http://download.ros.org/schema/package_format2.xsd"
[3.380s] 6: Schemas parser error : Failed to locate the main schema resource at 'http://download.ros.org/schema/package_format2.xsd'.
[3.380s] 6: WXS schema http://download.ros.org/schema/package_format2.xsd failed to compile
[3.380s] 6: 
[3.384s] 6: 1 files are invalid
[3.391s] 6: -- run_test.py: return code 1
[3.392s] 6: -- run_test.py: verify result file '/home/vincent-pc/ros2_ws/build/examples_rclcpp_minimal_subscriber/test_results/examples_rclcpp_minimal_subscriber/xmllint.xunit.xml'
[3.398s] 6/6 Test #6: xmllint ..........................***Failed    0.54 sec
[3.401s] 
[3.401s] 83% tests passed[0;0m, [0;31m1 tests failed[0;0m out of 6
[3.401s] 
[3.401s] Label Time Summary:
[3.402s] copyright     =   0.49 sec*proc (1 test)
[3.402s] cppcheck      =   0.55 sec*proc (1 test)
[3.402s] cpplint       =   0.62 sec*proc (1 test)
[3.402s] lint_cmake    =   0.52 sec*proc (1 test)
[3.402s] linter        =   3.24 sec*proc (6 tests)
[3.402s] uncrustify    =   0.52 sec*proc (1 test)
[3.402s] xmllint       =   0.54 sec*proc (1 test)
[3.402s] 
[3.403s] Total Test time (real) =   3.24 sec
[3.403s] 
[3.403s] The following tests FAILED:
[3.403s] 	[0;31m  6 - xmllint (Failed)[0;0m
[3.403s] Errors while running CTest
[3.614s] Invoked command in '/home/vincent-pc/ros2_ws/build/examples_rclcpp_minimal_subscriber' returned '8': AMENT_PREFIX_PATH=/home/vincent-pc/ros2_ws/install/examples_rclcpp_minimal_subscriber:${AMENT_PREFIX_PATH} CMAKE_PREFIX_PATH=/home/vincent-pc/ros2_ws/install/examples_rclcpp_minimal_subscriber /usr/bin/ctest -C Release -D ExperimentalTest --no-compress-output -V --force-new-ctest-process
