[0.121s] Invoking command in '/home/vincent-pc/ros2_ws/build/examples_rclcpp_minimal_timer': AMENT_PREFIX_PATH=/home/vincent-pc/ros2_ws/install/examples_rclcpp_minimal_timer:${AMENT_PREFIX_PATH} CMAKE_PREFIX_PATH=/home/vincent-pc/ros2_ws/install/examples_rclcpp_minimal_timer /usr/bin/ctest -C Release -D ExperimentalTest --no-compress-output -V --force-new-ctest-process
[3.331s] UpdateCTestConfiguration  from :/home/vincent-pc/ros2_ws/build/examples_rclcpp_minimal_timer/CTestConfiguration.ini
[3.331s] Parse Config file:/home/vincent-pc/ros2_ws/build/examples_rclcpp_minimal_timer/CTestConfiguration.ini
[3.331s]    Site: vincentpc-Aspire-A315-57G
[3.331s]    Build name: (empty)
[3.331s]  Add coverage exclude regular expressions.
[3.331s] SetCTestConfiguration:CMakeCommand:/usr/bin/cmake
[3.331s] Create new tag: 20241118-1535 - Experimental
[3.332s] UpdateCTestConfiguration  from :/home/vincent-pc/ros2_ws/build/examples_rclcpp_minimal_timer/CTestConfiguration.ini
[3.332s] Parse Config file:/home/vincent-pc/ros2_ws/build/examples_rclcpp_minimal_timer/CTestConfiguration.ini
[3.332s] Test project /home/vincent-pc/ros2_ws/build/examples_rclcpp_minimal_timer
[3.332s] Constructing a list of tests
[3.332s] Done constructing a list of tests
[3.332s] Updating test list for fixtures
[3.332s] Added 0 tests to meet fixture requirements
[3.332s] Checking test dependency graph...
[3.332s] Checking test dependency graph end
[3.333s] test 1
[3.333s]     Start 1: copyright
[3.333s] 
[3.333s] 1: Test command: /usr/bin/python3 "-u" "/opt/ros/foxy/share/ament_cmake_test/cmake/run_test.py" "/home/vincent-pc/ros2_ws/build/examples_rclcpp_minimal_timer/test_results/examples_rclcpp_minimal_timer/copyright.xunit.xml" "--package-name" "examples_rclcpp_minimal_timer" "--output-file" "/home/vincent-pc/ros2_ws/build/examples_rclcpp_minimal_timer/ament_copyright/copyright.txt" "--command" "/opt/ros/foxy/bin/ament_copyright" "--xunit-file" "/home/vincent-pc/ros2_ws/build/examples_rclcpp_minimal_timer/test_results/examples_rclcpp_minimal_timer/copyright.xunit.xml"
[3.333s] 1: Test timeout computed to be: 60
[3.333s] 1: -- run_test.py: invoking following command in '/home/vincent-pc/ros2_ws/src/src/examples/rclcpp/timers/minimal_timer':
[3.333s] 1:  - /opt/ros/foxy/bin/ament_copyright --xunit-file /home/vincent-pc/ros2_ws/build/examples_rclcpp_minimal_timer/test_results/examples_rclcpp_minimal_timer/copyright.xunit.xml
[3.333s] 1: No problems found, checked 2 files
[3.333s] 1: -- run_test.py: return code 0
[3.334s] 1: -- run_test.py: verify result file '/home/vincent-pc/ros2_ws/build/examples_rclcpp_minimal_timer/test_results/examples_rclcpp_minimal_timer/copyright.xunit.xml'
[3.334s] 1/6 Test #1: copyright ........................   Passed    0.49 sec
[3.334s] test 2
[3.335s]     Start 2: cppcheck
[3.335s] 
[3.335s] 2: Test command: /usr/bin/python3 "-u" "/opt/ros/foxy/share/ament_cmake_test/cmake/run_test.py" "/home/vincent-pc/ros2_ws/build/examples_rclcpp_minimal_timer/test_results/examples_rclcpp_minimal_timer/cppcheck.xunit.xml" "--package-name" "examples_rclcpp_minimal_timer" "--output-file" "/home/vincent-pc/ros2_ws/build/examples_rclcpp_minimal_timer/ament_cppcheck/cppcheck.txt" "--command" "/opt/ros/foxy/bin/ament_cppcheck" "--xunit-file" "/home/vincent-pc/ros2_ws/build/examples_rclcpp_minimal_timer/test_results/examples_rclcpp_minimal_timer/cppcheck.xunit.xml"
[3.335s] 2: Test timeout computed to be: 300
[3.335s] 2: -- run_test.py: invoking following command in '/home/vincent-pc/ros2_ws/src/src/examples/rclcpp/timers/minimal_timer':
[3.335s] 2:  - /opt/ros/foxy/bin/ament_cppcheck --xunit-file /home/vincent-pc/ros2_ws/build/examples_rclcpp_minimal_timer/test_results/examples_rclcpp_minimal_timer/cppcheck.xunit.xml
[3.335s] 2: No problems found
[3.335s] 2: -- run_test.py: return code 0
[3.335s] 2: -- run_test.py: verify result file '/home/vincent-pc/ros2_ws/build/examples_rclcpp_minimal_timer/test_results/examples_rclcpp_minimal_timer/cppcheck.xunit.xml'
[3.341s] 2/6 Test #2: cppcheck .........................   Passed    0.54 sec
[3.342s] test 3
[3.343s]     Start 3: cpplint
[3.343s] 
[3.343s] 3: Test command: /usr/bin/python3 "-u" "/opt/ros/foxy/share/ament_cmake_test/cmake/run_test.py" "/home/vincent-pc/ros2_ws/build/examples_rclcpp_minimal_timer/test_results/examples_rclcpp_minimal_timer/cpplint.xunit.xml" "--package-name" "examples_rclcpp_minimal_timer" "--output-file" "/home/vincent-pc/ros2_ws/build/examples_rclcpp_minimal_timer/ament_cpplint/cpplint.txt" "--command" "/opt/ros/foxy/bin/ament_cpplint" "--xunit-file" "/home/vincent-pc/ros2_ws/build/examples_rclcpp_minimal_timer/test_results/examples_rclcpp_minimal_timer/cpplint.xunit.xml"
[3.343s] 3: Test timeout computed to be: 120
[3.350s] 3: -- run_test.py: invoking following command in '/home/vincent-pc/ros2_ws/src/src/examples/rclcpp/timers/minimal_timer':
[3.350s] 3:  - /opt/ros/foxy/bin/ament_cpplint --xunit-file /home/vincent-pc/ros2_ws/build/examples_rclcpp_minimal_timer/test_results/examples_rclcpp_minimal_timer/cpplint.xunit.xml
[3.350s] 3: Using '--root=..' argument
[3.350s] 3: 
[3.350s] 3: Done processing /home/vincent-pc/ros2_ws/src/src/examples/rclcpp/timers/minimal_timer/lambda.cpp
[3.350s] 3: 
[3.352s] 3: Done processing /home/vincent-pc/ros2_ws/src/src/examples/rclcpp/timers/minimal_timer/member_function.cpp
[3.353s] 3: 
[3.353s] 3: No problems found
[3.353s] 3: -- run_test.py: return code 0
[3.353s] 3: -- run_test.py: verify result file '/home/vincent-pc/ros2_ws/build/examples_rclcpp_minimal_timer/test_results/examples_rclcpp_minimal_timer/cpplint.xunit.xml'
[3.353s] 3/6 Test #3: cpplint ..........................   Passed    0.57 sec
[3.354s] test 4
[3.354s]     Start 4: lint_cmake
[3.354s] 
[3.354s] 4: Test command: /usr/bin/python3 "-u" "/opt/ros/foxy/share/ament_cmake_test/cmake/run_test.py" "/home/vincent-pc/ros2_ws/build/examples_rclcpp_minimal_timer/test_results/examples_rclcpp_minimal_timer/lint_cmake.xunit.xml" "--package-name" "examples_rclcpp_minimal_timer" "--output-file" "/home/vincent-pc/ros2_ws/build/examples_rclcpp_minimal_timer/ament_lint_cmake/lint_cmake.txt" "--command" "/opt/ros/foxy/bin/ament_lint_cmake" "--xunit-file" "/home/vincent-pc/ros2_ws/build/examples_rclcpp_minimal_timer/test_results/examples_rclcpp_minimal_timer/lint_cmake.xunit.xml"
[3.354s] 4: Test timeout computed to be: 60
[3.354s] 4: -- run_test.py: invoking following command in '/home/vincent-pc/ros2_ws/src/src/examples/rclcpp/timers/minimal_timer':
[3.354s] 4:  - /opt/ros/foxy/bin/ament_lint_cmake --xunit-file /home/vincent-pc/ros2_ws/build/examples_rclcpp_minimal_timer/test_results/examples_rclcpp_minimal_timer/lint_cmake.xunit.xml
[3.354s] 4: 
[3.354s] 4: No problems found
[3.355s] 4: -- run_test.py: return code 0
[3.355s] 4: -- run_test.py: verify result file '/home/vincent-pc/ros2_ws/build/examples_rclcpp_minimal_timer/test_results/examples_rclcpp_minimal_timer/lint_cmake.xunit.xml'
[3.355s] 4/6 Test #4: lint_cmake .......................   Passed    0.49 sec
[3.355s] test 5
[3.355s]     Start 5: uncrustify
[3.355s] 
[3.355s] 5: Test command: /usr/bin/python3 "-u" "/opt/ros/foxy/share/ament_cmake_test/cmake/run_test.py" "/home/vincent-pc/ros2_ws/build/examples_rclcpp_minimal_timer/test_results/examples_rclcpp_minimal_timer/uncrustify.xunit.xml" "--package-name" "examples_rclcpp_minimal_timer" "--output-file" "/home/vincent-pc/ros2_ws/build/examples_rclcpp_minimal_timer/ament_uncrustify/uncrustify.txt" "--command" "/opt/ros/foxy/bin/ament_uncrustify" "--xunit-file" "/home/vincent-pc/ros2_ws/build/examples_rclcpp_minimal_timer/test_results/examples_rclcpp_minimal_timer/uncrustify.xunit.xml"
[3.355s] 5: Test timeout computed to be: 60
[3.355s] 5: -- run_test.py: invoking following command in '/home/vincent-pc/ros2_ws/src/src/examples/rclcpp/timers/minimal_timer':
[3.355s] 5:  - /opt/ros/foxy/bin/ament_uncrustify --xunit-file /home/vincent-pc/ros2_ws/build/examples_rclcpp_minimal_timer/test_results/examples_rclcpp_minimal_timer/uncrustify.xunit.xml
[3.356s] 5: No code style divergence in file 'lambda.cpp'
[3.356s] 5: 
[3.357s] 5: No code style divergence in file 'member_function.cpp'
[3.358s] 5: 
[3.358s] 5: No problems found
[3.359s] 5: -- run_test.py: return code 0
[3.359s] 5: -- run_test.py: verify result file '/home/vincent-pc/ros2_ws/build/examples_rclcpp_minimal_timer/test_results/examples_rclcpp_minimal_timer/uncrustify.xunit.xml'
[3.359s] 5/6 Test #5: uncrustify .......................   Passed    0.50 sec
[3.359s] test 6
[3.359s]     Start 6: xmllint
[3.359s] 
[3.360s] 6: Test command: /usr/bin/python3 "-u" "/opt/ros/foxy/share/ament_cmake_test/cmake/run_test.py" "/home/vincent-pc/ros2_ws/build/examples_rclcpp_minimal_timer/test_results/examples_rclcpp_minimal_timer/xmllint.xunit.xml" "--package-name" "examples_rclcpp_minimal_timer" "--output-file" "/home/vincent-pc/ros2_ws/build/examples_rclcpp_minimal_timer/ament_xmllint/xmllint.txt" "--command" "/opt/ros/foxy/bin/ament_xmllint" "--xunit-file" "/home/vincent-pc/ros2_ws/build/examples_rclcpp_minimal_timer/test_results/examples_rclcpp_minimal_timer/xmllint.xunit.xml"
[3.361s] 6: Test timeout computed to be: 60
[3.361s] 6: -- run_test.py: invoking following command in '/home/vincent-pc/ros2_ws/src/src/examples/rclcpp/timers/minimal_timer':
[3.362s] 6:  - /opt/ros/foxy/bin/ament_xmllint --xunit-file /home/vincent-pc/ros2_ws/build/examples_rclcpp_minimal_timer/test_results/examples_rclcpp_minimal_timer/xmllint.xunit.xml
[3.362s] 6: File 'package.xml' is invalid:
[3.364s] 6: error : Resource temporarily unavailable
[3.365s] 6: warning: failed to load external entity "http://download.ros.org/schema/package_format2.xsd"
[3.365s] 6: Schemas parser error : Failed to locate the main schema resource at 'http://download.ros.org/schema/package_format2.xsd'.
[3.365s] 6: WXS schema http://download.ros.org/schema/package_format2.xsd failed to compile
[3.365s] 6: 
[3.365s] 6: 1 files are invalid
[3.383s] 6: -- run_test.py: return code 1
[3.383s] 6: -- run_test.py: verify result file '/home/vincent-pc/ros2_ws/build/examples_rclcpp_minimal_timer/test_results/examples_rclcpp_minimal_timer/xmllint.xunit.xml'
[3.385s] 6/6 Test #6: xmllint ..........................***Failed    0.62 sec
[3.385s] 
[3.385s] 83% tests passed[0;0m, [0;31m1 tests failed[0;0m out of 6
[3.385s] 
[3.385s] Label Time Summary:
[3.385s] copyright     =   0.49 sec*proc (1 test)
[3.385s] cppcheck      =   0.54 sec*proc (1 test)
[3.385s] cpplint       =   0.57 sec*proc (1 test)
[3.385s] lint_cmake    =   0.49 sec*proc (1 test)
[3.386s] linter        =   3.21 sec*proc (6 tests)
[3.386s] uncrustify    =   0.50 sec*proc (1 test)
[3.386s] xmllint       =   0.62 sec*proc (1 test)
[3.386s] 
[3.386s] Total Test time (real) =   3.21 sec
[3.386s] 
[3.386s] The following tests FAILED:
[3.386s] 	[0;31m  6 - xmllint (Failed)[0;0m
[3.386s] Errors while running CTest
[3.598s] Invoked command in '/home/vincent-pc/ros2_ws/build/examples_rclcpp_minimal_timer' returned '8': AMENT_PREFIX_PATH=/home/vincent-pc/ros2_ws/install/examples_rclcpp_minimal_timer:${AMENT_PREFIX_PATH} CMAKE_PREFIX_PATH=/home/vincent-pc/ros2_ws/install/examples_rclcpp_minimal_timer /usr/bin/ctest -C Release -D ExperimentalTest --no-compress-output -V --force-new-ctest-process
