Start testing: Nov 18 10:35 -05
----------------------------------------------------------
1/6 Testing: copyright
1/6 Test: copyright
Command: "/usr/bin/python3" "-u" "/opt/ros/foxy/share/ament_cmake_test/cmake/run_test.py" "/home/vincent-pc/ros2_ws/build/examples_rclcpp_minimal_client/test_results/examples_rclcpp_minimal_client/copyright.xunit.xml" "--package-name" "examples_rclcpp_minimal_client" "--output-file" "/home/vincent-pc/ros2_ws/build/examples_rclcpp_minimal_client/ament_copyright/copyright.txt" "--command" "/opt/ros/foxy/bin/ament_copyright" "--xunit-file" "/home/vincent-pc/ros2_ws/build/examples_rclcpp_minimal_client/test_results/examples_rclcpp_minimal_client/copyright.xunit.xml"
Directory: /home/vincent-pc/ros2_ws/src/src/examples/rclcpp/services/minimal_client
"copyright" start time: Nov 18 10:35 -05
Output:
----------------------------------------------------------
-- run_test.py: invoking following command in '/home/vincent-pc/ros2_ws/src/src/examples/rclcpp/services/minimal_client':
 - /opt/ros/foxy/bin/ament_copyright --xunit-file /home/vincent-pc/ros2_ws/build/examples_rclcpp_minimal_client/test_results/examples_rclcpp_minimal_client/copyright.xunit.xml
No problems found, checked 1 files
-- run_test.py: return code 0
-- run_test.py: verify result file '/home/vincent-pc/ros2_ws/build/examples_rclcpp_minimal_client/test_results/examples_rclcpp_minimal_client/copyright.xunit.xml'
<end of output>
Test time =   0.46 sec
----------------------------------------------------------
Test Passed.
"copyright" end time: Nov 18 10:35 -05
"copyright" time elapsed: 00:00:00
----------------------------------------------------------

2/6 Testing: cppcheck
2/6 Test: cppcheck
Command: "/usr/bin/python3" "-u" "/opt/ros/foxy/share/ament_cmake_test/cmake/run_test.py" "/home/vincent-pc/ros2_ws/build/examples_rclcpp_minimal_client/test_results/examples_rclcpp_minimal_client/cppcheck.xunit.xml" "--package-name" "examples_rclcpp_minimal_client" "--output-file" "/home/vincent-pc/ros2_ws/build/examples_rclcpp_minimal_client/ament_cppcheck/cppcheck.txt" "--command" "/opt/ros/foxy/bin/ament_cppcheck" "--xunit-file" "/home/vincent-pc/ros2_ws/build/examples_rclcpp_minimal_client/test_results/examples_rclcpp_minimal_client/cppcheck.xunit.xml"
Directory: /home/vincent-pc/ros2_ws/src/src/examples/rclcpp/services/minimal_client
"cppcheck" start time: Nov 18 10:35 -05
Output:
----------------------------------------------------------
-- run_test.py: invoking following command in '/home/vincent-pc/ros2_ws/src/src/examples/rclcpp/services/minimal_client':
 - /opt/ros/foxy/bin/ament_cppcheck --xunit-file /home/vincent-pc/ros2_ws/build/examples_rclcpp_minimal_client/test_results/examples_rclcpp_minimal_client/cppcheck.xunit.xml
No problems found
-- run_test.py: return code 0
-- run_test.py: verify result file '/home/vincent-pc/ros2_ws/build/examples_rclcpp_minimal_client/test_results/examples_rclcpp_minimal_client/cppcheck.xunit.xml'
<end of output>
Test time =   0.57 sec
----------------------------------------------------------
Test Passed.
"cppcheck" end time: Nov 18 10:35 -05
"cppcheck" time elapsed: 00:00:00
----------------------------------------------------------

3/6 Testing: cpplint
3/6 Test: cpplint
Command: "/usr/bin/python3" "-u" "/opt/ros/foxy/share/ament_cmake_test/cmake/run_test.py" "/home/vincent-pc/ros2_ws/build/examples_rclcpp_minimal_client/test_results/examples_rclcpp_minimal_client/cpplint.xunit.xml" "--package-name" "examples_rclcpp_minimal_client" "--output-file" "/home/vincent-pc/ros2_ws/build/examples_rclcpp_minimal_client/ament_cpplint/cpplint.txt" "--command" "/opt/ros/foxy/bin/ament_cpplint" "--xunit-file" "/home/vincent-pc/ros2_ws/build/examples_rclcpp_minimal_client/test_results/examples_rclcpp_minimal_client/cpplint.xunit.xml"
Directory: /home/vincent-pc/ros2_ws/src/src/examples/rclcpp/services/minimal_client
"cpplint" start time: Nov 18 10:35 -05
Output:
----------------------------------------------------------
-- run_test.py: invoking following command in '/home/vincent-pc/ros2_ws/src/src/examples/rclcpp/services/minimal_client':
 - /opt/ros/foxy/bin/ament_cpplint --xunit-file /home/vincent-pc/ros2_ws/build/examples_rclcpp_minimal_client/test_results/examples_rclcpp_minimal_client/cpplint.xunit.xml
Using '--root=..' argument

Done processing /home/vincent-pc/ros2_ws/src/src/examples/rclcpp/services/minimal_client/main.cpp

No problems found
-- run_test.py: return code 0
-- run_test.py: verify result file '/home/vincent-pc/ros2_ws/build/examples_rclcpp_minimal_client/test_results/examples_rclcpp_minimal_client/cpplint.xunit.xml'
<end of output>
Test time =   0.56 sec
----------------------------------------------------------
Test Passed.
"cpplint" end time: Nov 18 10:35 -05
"cpplint" time elapsed: 00:00:00
----------------------------------------------------------

4/6 Testing: lint_cmake
4/6 Test: lint_cmake
Command: "/usr/bin/python3" "-u" "/opt/ros/foxy/share/ament_cmake_test/cmake/run_test.py" "/home/vincent-pc/ros2_ws/build/examples_rclcpp_minimal_client/test_results/examples_rclcpp_minimal_client/lint_cmake.xunit.xml" "--package-name" "examples_rclcpp_minimal_client" "--output-file" "/home/vincent-pc/ros2_ws/build/examples_rclcpp_minimal_client/ament_lint_cmake/lint_cmake.txt" "--command" "/opt/ros/foxy/bin/ament_lint_cmake" "--xunit-file" "/home/vincent-pc/ros2_ws/build/examples_rclcpp_minimal_client/test_results/examples_rclcpp_minimal_client/lint_cmake.xunit.xml"
Directory: /home/vincent-pc/ros2_ws/src/src/examples/rclcpp/services/minimal_client
"lint_cmake" start time: Nov 18 10:35 -05
Output:
----------------------------------------------------------
-- run_test.py: invoking following command in '/home/vincent-pc/ros2_ws/src/src/examples/rclcpp/services/minimal_client':
 - /opt/ros/foxy/bin/ament_lint_cmake --xunit-file /home/vincent-pc/ros2_ws/build/examples_rclcpp_minimal_client/test_results/examples_rclcpp_minimal_client/lint_cmake.xunit.xml

No problems found
-- run_test.py: return code 0
-- run_test.py: verify result file '/home/vincent-pc/ros2_ws/build/examples_rclcpp_minimal_client/test_results/examples_rclcpp_minimal_client/lint_cmake.xunit.xml'
<end of output>
Test time =   0.48 sec
----------------------------------------------------------
Test Passed.
"lint_cmake" end time: Nov 18 10:35 -05
"lint_cmake" time elapsed: 00:00:00
----------------------------------------------------------

5/6 Testing: uncrustify
5/6 Test: uncrustify
Command: "/usr/bin/python3" "-u" "/opt/ros/foxy/share/ament_cmake_test/cmake/run_test.py" "/home/vincent-pc/ros2_ws/build/examples_rclcpp_minimal_client/test_results/examples_rclcpp_minimal_client/uncrustify.xunit.xml" "--package-name" "examples_rclcpp_minimal_client" "--output-file" "/home/vincent-pc/ros2_ws/build/examples_rclcpp_minimal_client/ament_uncrustify/uncrustify.txt" "--command" "/opt/ros/foxy/bin/ament_uncrustify" "--xunit-file" "/home/vincent-pc/ros2_ws/build/examples_rclcpp_minimal_client/test_results/examples_rclcpp_minimal_client/uncrustify.xunit.xml"
Directory: /home/vincent-pc/ros2_ws/src/src/examples/rclcpp/services/minimal_client
"uncrustify" start time: Nov 18 10:35 -05
Output:
----------------------------------------------------------
-- run_test.py: invoking following command in '/home/vincent-pc/ros2_ws/src/src/examples/rclcpp/services/minimal_client':
 - /opt/ros/foxy/bin/ament_uncrustify --xunit-file /home/vincent-pc/ros2_ws/build/examples_rclcpp_minimal_client/test_results/examples_rclcpp_minimal_client/uncrustify.xunit.xml
No code style divergence in file 'main.cpp'

No problems found
-- run_test.py: return code 0
-- run_test.py: verify result file '/home/vincent-pc/ros2_ws/build/examples_rclcpp_minimal_client/test_results/examples_rclcpp_minimal_client/uncrustify.xunit.xml'
<end of output>
Test time =   0.51 sec
----------------------------------------------------------
Test Passed.
"uncrustify" end time: Nov 18 10:35 -05
"uncrustify" time elapsed: 00:00:00
----------------------------------------------------------

6/6 Testing: xmllint
6/6 Test: xmllint
Command: "/usr/bin/python3" "-u" "/opt/ros/foxy/share/ament_cmake_test/cmake/run_test.py" "/home/vincent-pc/ros2_ws/build/examples_rclcpp_minimal_client/test_results/examples_rclcpp_minimal_client/xmllint.xunit.xml" "--package-name" "examples_rclcpp_minimal_client" "--output-file" "/home/vincent-pc/ros2_ws/build/examples_rclcpp_minimal_client/ament_xmllint/xmllint.txt" "--command" "/opt/ros/foxy/bin/ament_xmllint" "--xunit-file" "/home/vincent-pc/ros2_ws/build/examples_rclcpp_minimal_client/test_results/examples_rclcpp_minimal_client/xmllint.xunit.xml"
Directory: /home/vincent-pc/ros2_ws/src/src/examples/rclcpp/services/minimal_client
"xmllint" start time: Nov 18 10:35 -05
Output:
----------------------------------------------------------
-- run_test.py: invoking following command in '/home/vincent-pc/ros2_ws/src/src/examples/rclcpp/services/minimal_client':
 - /opt/ros/foxy/bin/ament_xmllint --xunit-file /home/vincent-pc/ros2_ws/build/examples_rclcpp_minimal_client/test_results/examples_rclcpp_minimal_client/xmllint.xunit.xml
File 'package.xml' is invalid:
error : Resource temporarily unavailable
warning: failed to load external entity "http://download.ros.org/schema/package_format2.xsd"
Schemas parser error : Failed to locate the main schema resource at 'http://download.ros.org/schema/package_format2.xsd'.
WXS schema http://download.ros.org/schema/package_format2.xsd failed to compile

1 files are invalid
-- run_test.py: return code 1
-- run_test.py: verify result file '/home/vincent-pc/ros2_ws/build/examples_rclcpp_minimal_client/test_results/examples_rclcpp_minimal_client/xmllint.xunit.xml'
<end of output>
Test time =   0.62 sec
----------------------------------------------------------
Test Failed.
"xmllint" end time: Nov 18 10:35 -05
"xmllint" time elapsed: 00:00:00
----------------------------------------------------------

End testing: Nov 18 10:35 -05

copyright =   0.46 sec*proc

cppcheck =   0.57 sec*proc

cpplint =   0.56 sec*proc

lint_cmake =   0.48 sec*proc

linter =   3.20 sec*proc

uncrustify =   0.51 sec*proc

xmllint =   0.62 sec*proc

