<?xml version="1.0" encoding="utf-8"?><testsuites><testsuite errors="0" failures="0" hostname="vincentpc-Aspire-A315-57G" name="pytest" skipped="0" tests="3" time="0.275" timestamp="2024-11-15T19:47:10.152607"><testcase classname="examples_rclpy_minimal_action_client.actions.minimal_action_client.test.test_copyright" name="test_copyright" time="0.020"><system-out>No problems found, checked 7 files
</system-out></testcase><testcase classname="examples_rclpy_minimal_action_client.actions.minimal_action_client.test.test_flake8" name="test_flake8" time="0.139"><system-out>
8 files checked
No problems found

Checked files:

* ./setup.py
* ./test/test_flake8.py
* ./test/test_pep257.py
* ./test/test_copyright.py
* ./examples_rclpy_minimal_action_client/client_not_composable.py
* ./examples_rclpy_minimal_action_client/__init__.py
* ./examples_rclpy_minimal_action_client/client_cancel.py
* ./examples_rclpy_minimal_action_client/client.py
</system-out></testcase><testcase classname="examples_rclpy_minimal_action_client.actions.minimal_action_client.test.test_pep257" name="test_pep257" time="0.025"><system-out>checking ./examples_rclpy_minimal_action_client/__init__.py
checking ./examples_rclpy_minimal_action_client/client.py
checking ./examples_rclpy_minimal_action_client/client_cancel.py
checking ./examples_rclpy_minimal_action_client/client_not_composable.py
checking ./setup.py
checking ./test/test_copyright.py
checking ./test/test_flake8.py
checking ./test/test_pep257.py
No problems found
</system-out></testcase></testsuite></testsuites>