[0.302s] Invoking command in '/home/vincent-pc/ros2_ws/build/examples_rclcpp_multithreaded_executor': AMENT_PREFIX_PATH=/home/vincent-pc/ros2_ws/install/examples_rclcpp_multithreaded_executor:${AMENT_PREFIX_PATH} CMAKE_PREFIX_PATH=/home/vincent-pc/ros2_ws/install/examples_rclcpp_multithreaded_executor /usr/bin/ctest -C Release -D ExperimentalTest --no-compress-output -V --force-new-ctest-process
[0.528s] UpdateCTestConfiguration  from :/home/vincent-pc/ros2_ws/build/examples_rclcpp_multithreaded_executor/CTestConfiguration.ini
[0.529s] Parse Config file:/home/vincent-pc/ros2_ws/build/examples_rclcpp_multithreaded_executor/CTestConfiguration.ini
[0.529s]    Site: vincentpc-Aspire-A315-57G
[0.529s]    Build name: (empty)
[0.529s]  Add coverage exclude regular expressions.
[0.529s] SetCTestConfiguration:CMakeCommand:/usr/bin/cmake
[0.529s] Create new tag: 20241118-1535 - Experimental
[0.529s] UpdateCTestConfiguration  from :/home/vincent-pc/ros2_ws/build/examples_rclcpp_multithreaded_executor/CTestConfiguration.ini
[0.529s] Parse Config file:/home/vincent-pc/ros2_ws/build/examples_rclcpp_multithreaded_executor/CTestConfiguration.ini
[0.530s] Test project /home/vincent-pc/ros2_ws/build/examples_rclcpp_multithreaded_executor
[0.530s] Constructing a list of tests
[0.530s] Done constructing a list of tests
[0.530s] Updating test list for fixtures
[0.531s] Added 0 tests to meet fixture requirements
[0.531s] Checking test dependency graph...
[0.531s] Checking test dependency graph end
[0.531s] test 1
[0.531s]     Start 1: copyright
[0.532s] 
[0.532s] 1: Test command: /usr/bin/python3 "-u" "/opt/ros/foxy/share/ament_cmake_test/cmake/run_test.py" "/home/vincent-pc/ros2_ws/build/examples_rclcpp_multithreaded_executor/test_results/examples_rclcpp_multithreaded_executor/copyright.xunit.xml" "--package-name" "examples_rclcpp_multithreaded_executor" "--output-file" "/home/vincent-pc/ros2_ws/build/examples_rclcpp_multithreaded_executor/ament_copyright/copyright.txt" "--command" "/opt/ros/foxy/bin/ament_copyright" "--xunit-file" "/home/vincent-pc/ros2_ws/build/examples_rclcpp_multithreaded_executor/test_results/examples_rclcpp_multithreaded_executor/copyright.xunit.xml"
[0.532s] 1: Test timeout computed to be: 60
[0.532s] 1: -- run_test.py: invoking following command in '/home/vincent-pc/ros2_ws/src/src/examples/rclcpp/executors/multithreaded_executor':
[0.533s] 1:  - /opt/ros/foxy/bin/ament_copyright --xunit-file /home/vincent-pc/ros2_ws/build/examples_rclcpp_multithreaded_executor/test_results/examples_rclcpp_multithreaded_executor/copyright.xunit.xml
[0.563s] 1: No problems found, checked 1 files
[0.581s] 1: -- run_test.py: return code 0
[0.581s] 1: -- run_test.py: verify result file '/home/vincent-pc/ros2_ws/build/examples_rclcpp_multithreaded_executor/test_results/examples_rclcpp_multithreaded_executor/copyright.xunit.xml'
[0.593s] 1/6 Test #1: copyright ........................   Passed    0.28 sec
[0.593s] test 2
[0.593s]     Start 2: cppcheck
[0.593s] 
[0.593s] 2: Test command: /usr/bin/python3 "-u" "/opt/ros/foxy/share/ament_cmake_test/cmake/run_test.py" "/home/vincent-pc/ros2_ws/build/examples_rclcpp_multithreaded_executor/test_results/examples_rclcpp_multithreaded_executor/cppcheck.xunit.xml" "--package-name" "examples_rclcpp_multithreaded_executor" "--output-file" "/home/vincent-pc/ros2_ws/build/examples_rclcpp_multithreaded_executor/ament_cppcheck/cppcheck.txt" "--command" "/opt/ros/foxy/bin/ament_cppcheck" "--xunit-file" "/home/vincent-pc/ros2_ws/build/examples_rclcpp_multithreaded_executor/test_results/examples_rclcpp_multithreaded_executor/cppcheck.xunit.xml"
[0.594s] 2: Test timeout computed to be: 300
[0.647s] 2: -- run_test.py: invoking following command in '/home/vincent-pc/ros2_ws/src/src/examples/rclcpp/executors/multithreaded_executor':
[0.647s] 2:  - /opt/ros/foxy/bin/ament_cppcheck --xunit-file /home/vincent-pc/ros2_ws/build/examples_rclcpp_multithreaded_executor/test_results/examples_rclcpp_multithreaded_executor/cppcheck.xunit.xml
[0.853s] 2: No problems found
[0.878s] 2: -- run_test.py: return code 0
[0.878s] 2: -- run_test.py: verify result file '/home/vincent-pc/ros2_ws/build/examples_rclcpp_multithreaded_executor/test_results/examples_rclcpp_multithreaded_executor/cppcheck.xunit.xml'
[0.895s] 2/6 Test #2: cppcheck .........................   Passed    0.30 sec
[0.895s] test 3
[0.895s]     Start 3: cpplint
[0.895s] 
[0.896s] 3: Test command: /usr/bin/python3 "-u" "/opt/ros/foxy/share/ament_cmake_test/cmake/run_test.py" "/home/vincent-pc/ros2_ws/build/examples_rclcpp_multithreaded_executor/test_results/examples_rclcpp_multithreaded_executor/cpplint.xunit.xml" "--package-name" "examples_rclcpp_multithreaded_executor" "--output-file" "/home/vincent-pc/ros2_ws/build/examples_rclcpp_multithreaded_executor/ament_cpplint/cpplint.txt" "--command" "/opt/ros/foxy/bin/ament_cpplint" "--xunit-file" "/home/vincent-pc/ros2_ws/build/examples_rclcpp_multithreaded_executor/test_results/examples_rclcpp_multithreaded_executor/cpplint.xunit.xml"
[0.896s] 3: Test timeout computed to be: 120
[0.977s] 3: -- run_test.py: invoking following command in '/home/vincent-pc/ros2_ws/src/src/examples/rclcpp/executors/multithreaded_executor':
[0.977s] 3:  - /opt/ros/foxy/bin/ament_cpplint --xunit-file /home/vincent-pc/ros2_ws/build/examples_rclcpp_multithreaded_executor/test_results/examples_rclcpp_multithreaded_executor/cpplint.xunit.xml
[1.347s] 3: Using '--root=..' argument
[1.347s] 3: 
[1.347s] 3: Done processing /home/vincent-pc/ros2_ws/src/src/examples/rclcpp/executors/multithreaded_executor/multithreaded_executor.cpp
[1.347s] 3: 
[1.348s] 3: No problems found
[1.371s] 3: -- run_test.py: return code 0
[1.371s] 3: -- run_test.py: verify result file '/home/vincent-pc/ros2_ws/build/examples_rclcpp_multithreaded_executor/test_results/examples_rclcpp_multithreaded_executor/cpplint.xunit.xml'
[1.384s] 3/6 Test #3: cpplint ..........................   Passed    0.49 sec
[1.384s] test 4
[1.385s]     Start 4: lint_cmake
[1.385s] 
[1.385s] 4: Test command: /usr/bin/python3 "-u" "/opt/ros/foxy/share/ament_cmake_test/cmake/run_test.py" "/home/vincent-pc/ros2_ws/build/examples_rclcpp_multithreaded_executor/test_results/examples_rclcpp_multithreaded_executor/lint_cmake.xunit.xml" "--package-name" "examples_rclcpp_multithreaded_executor" "--output-file" "/home/vincent-pc/ros2_ws/build/examples_rclcpp_multithreaded_executor/ament_lint_cmake/lint_cmake.txt" "--command" "/opt/ros/foxy/bin/ament_lint_cmake" "--xunit-file" "/home/vincent-pc/ros2_ws/build/examples_rclcpp_multithreaded_executor/test_results/examples_rclcpp_multithreaded_executor/lint_cmake.xunit.xml"
[1.385s] 4: Test timeout computed to be: 60
[1.449s] 4: -- run_test.py: invoking following command in '/home/vincent-pc/ros2_ws/src/src/examples/rclcpp/executors/multithreaded_executor':
[1.450s] 4:  - /opt/ros/foxy/bin/ament_lint_cmake --xunit-file /home/vincent-pc/ros2_ws/build/examples_rclcpp_multithreaded_executor/test_results/examples_rclcpp_multithreaded_executor/lint_cmake.xunit.xml
[1.715s] 4: 
[1.715s] 4: No problems found
[1.734s] 4: -- run_test.py: return code 0
[1.734s] 4: -- run_test.py: verify result file '/home/vincent-pc/ros2_ws/build/examples_rclcpp_multithreaded_executor/test_results/examples_rclcpp_multithreaded_executor/lint_cmake.xunit.xml'
[1.751s] 4/6 Test #4: lint_cmake .......................   Passed    0.37 sec
[1.752s] test 5
[1.752s]     Start 5: uncrustify
[1.752s] 
[1.752s] 5: Test command: /usr/bin/python3 "-u" "/opt/ros/foxy/share/ament_cmake_test/cmake/run_test.py" "/home/vincent-pc/ros2_ws/build/examples_rclcpp_multithreaded_executor/test_results/examples_rclcpp_multithreaded_executor/uncrustify.xunit.xml" "--package-name" "examples_rclcpp_multithreaded_executor" "--output-file" "/home/vincent-pc/ros2_ws/build/examples_rclcpp_multithreaded_executor/ament_uncrustify/uncrustify.txt" "--command" "/opt/ros/foxy/bin/ament_uncrustify" "--xunit-file" "/home/vincent-pc/ros2_ws/build/examples_rclcpp_multithreaded_executor/test_results/examples_rclcpp_multithreaded_executor/uncrustify.xunit.xml"
[1.752s] 5: Test timeout computed to be: 60
[1.816s] 5: -- run_test.py: invoking following command in '/home/vincent-pc/ros2_ws/src/src/examples/rclcpp/executors/multithreaded_executor':
[1.816s] 5:  - /opt/ros/foxy/bin/ament_uncrustify --xunit-file /home/vincent-pc/ros2_ws/build/examples_rclcpp_multithreaded_executor/test_results/examples_rclcpp_multithreaded_executor/uncrustify.xunit.xml
[2.027s] 5: No code style divergence in file 'multithreaded_executor.cpp'
[2.028s] 5: 
[2.028s] 5: No problems found
[2.050s] 5: -- run_test.py: return code 0
[2.050s] 5: -- run_test.py: verify result file '/home/vincent-pc/ros2_ws/build/examples_rclcpp_multithreaded_executor/test_results/examples_rclcpp_multithreaded_executor/uncrustify.xunit.xml'
[2.061s] 5/6 Test #5: uncrustify .......................   Passed    0.31 sec
[2.061s] test 6
[2.061s]     Start 6: xmllint
[2.062s] 
[2.062s] 6: Test command: /usr/bin/python3 "-u" "/opt/ros/foxy/share/ament_cmake_test/cmake/run_test.py" "/home/vincent-pc/ros2_ws/build/examples_rclcpp_multithreaded_executor/test_results/examples_rclcpp_multithreaded_executor/xmllint.xunit.xml" "--package-name" "examples_rclcpp_multithreaded_executor" "--output-file" "/home/vincent-pc/ros2_ws/build/examples_rclcpp_multithreaded_executor/ament_xmllint/xmllint.txt" "--command" "/opt/ros/foxy/bin/ament_xmllint" "--xunit-file" "/home/vincent-pc/ros2_ws/build/examples_rclcpp_multithreaded_executor/test_results/examples_rclcpp_multithreaded_executor/xmllint.xunit.xml"
[2.062s] 6: Test timeout computed to be: 60
[2.120s] 6: -- run_test.py: invoking following command in '/home/vincent-pc/ros2_ws/src/src/examples/rclcpp/executors/multithreaded_executor':
[2.120s] 6:  - /opt/ros/foxy/bin/ament_xmllint --xunit-file /home/vincent-pc/ros2_ws/build/examples_rclcpp_multithreaded_executor/test_results/examples_rclcpp_multithreaded_executor/xmllint.xunit.xml
[2.310s] 6: File 'package.xml' is invalid:
[2.311s] 6: error : Resource temporarily unavailable
[2.311s] 6: warning: failed to load external entity "http://download.ros.org/schema/package_format2.xsd"
[2.311s] 6: Schemas parser error : Failed to locate the main schema resource at 'http://download.ros.org/schema/package_format2.xsd'.
[2.311s] 6: WXS schema http://download.ros.org/schema/package_format2.xsd failed to compile
[2.311s] 6: 
[2.311s] 6: 1 files are invalid
[2.339s] 6: -- run_test.py: return code 1
[2.339s] 6: -- run_test.py: verify result file '/home/vincent-pc/ros2_ws/build/examples_rclcpp_multithreaded_executor/test_results/examples_rclcpp_multithreaded_executor/xmllint.xunit.xml'
[2.345s] 6/6 Test #6: xmllint ..........................***Failed    0.28 sec
[2.346s] 
[2.346s] 83% tests passed[0;0m, [0;31m1 tests failed[0;0m out of 6
[2.346s] 
[2.346s] Label Time Summary:
[2.346s] copyright     =   0.28 sec*proc (1 test)
[2.346s] cppcheck      =   0.30 sec*proc (1 test)
[2.346s] cpplint       =   0.49 sec*proc (1 test)
[2.346s] lint_cmake    =   0.37 sec*proc (1 test)
[2.346s] linter        =   2.03 sec*proc (6 tests)
[2.346s] uncrustify    =   0.31 sec*proc (1 test)
[2.346s] xmllint       =   0.28 sec*proc (1 test)
[2.346s] 
[2.346s] Total Test time (real) =   2.04 sec
[2.346s] 
[2.346s] The following tests FAILED:
[2.346s] 	[0;31m  6 - xmllint (Failed)[0;0m
[2.365s] Errors while running CTest
[2.368s] Invoked command in '/home/vincent-pc/ros2_ws/build/examples_rclcpp_multithreaded_executor' returned '8': AMENT_PREFIX_PATH=/home/vincent-pc/ros2_ws/install/examples_rclcpp_multithreaded_executor:${AMENT_PREFIX_PATH} CMAKE_PREFIX_PATH=/home/vincent-pc/ros2_ws/install/examples_rclcpp_multithreaded_executor /usr/bin/ctest -C Release -D ExperimentalTest --no-compress-output -V --force-new-ctest-process
