[0.075s] Invoking command in '/home/vincent-pc/ros2_ws/build/examples_rclcpp_minimal_composition': AMENT_PREFIX_PATH=/home/vincent-pc/ros2_ws/install/examples_rclcpp_minimal_composition:${AMENT_PREFIX_PATH} CMAKE_PREFIX_PATH=/home/vincent-pc/ros2_ws/install/examples_rclcpp_minimal_composition LD_LIBRARY_PATH=/home/vincent-pc/ros2_ws/install/examples_rclcpp_minimal_composition/lib:${LD_LIBRARY_PATH} /usr/bin/ctest -C Release -D ExperimentalTest --no-compress-output -V --force-new-ctest-process
[0.114s] UpdateCTestConfiguration  from :/home/vincent-pc/ros2_ws/build/examples_rclcpp_minimal_composition/CTestConfiguration.ini
[0.114s] Parse Config file:/home/vincent-pc/ros2_ws/build/examples_rclcpp_minimal_composition/CTestConfiguration.ini
[0.114s]    Site: vincentpc-Aspire-A315-57G
[0.114s]    Build name: (empty)
[0.114s]  Add coverage exclude regular expressions.
[0.115s] SetCTestConfiguration:CMakeCommand:/usr/bin/cmake
[0.115s] Create new tag: 20241118-1535 - Experimental
[0.115s] UpdateCTestConfiguration  from :/home/vincent-pc/ros2_ws/build/examples_rclcpp_minimal_composition/CTestConfiguration.ini
[0.115s] Parse Config file:/home/vincent-pc/ros2_ws/build/examples_rclcpp_minimal_composition/CTestConfiguration.ini
[0.115s] Test project /home/vincent-pc/ros2_ws/build/examples_rclcpp_minimal_composition
[0.115s] Constructing a list of tests
[0.115s] Done constructing a list of tests
[0.115s] Updating test list for fixtures
[0.115s] Added 0 tests to meet fixture requirements
[0.115s] Checking test dependency graph...
[0.116s] Checking test dependency graph end
[0.116s] test 1
[0.116s]     Start 1: copyright
[0.116s] 
[0.116s] 1: Test command: /usr/bin/python3 "-u" "/opt/ros/foxy/share/ament_cmake_test/cmake/run_test.py" "/home/vincent-pc/ros2_ws/build/examples_rclcpp_minimal_composition/test_results/examples_rclcpp_minimal_composition/copyright.xunit.xml" "--package-name" "examples_rclcpp_minimal_composition" "--output-file" "/home/vincent-pc/ros2_ws/build/examples_rclcpp_minimal_composition/ament_copyright/copyright.txt" "--command" "/opt/ros/foxy/bin/ament_copyright" "--xunit-file" "/home/vincent-pc/ros2_ws/build/examples_rclcpp_minimal_composition/test_results/examples_rclcpp_minimal_composition/copyright.xunit.xml"
[0.116s] 1: Test timeout computed to be: 60
[0.180s] 1: -- run_test.py: invoking following command in '/home/vincent-pc/ros2_ws/src/src/examples/rclcpp/composition/minimal_composition':
[0.181s] 1:  - /opt/ros/foxy/bin/ament_copyright --xunit-file /home/vincent-pc/ros2_ws/build/examples_rclcpp_minimal_composition/test_results/examples_rclcpp_minimal_composition/copyright.xunit.xml
[0.529s] 1: No problems found, checked 8 files
[0.564s] 1: -- run_test.py: return code 0
[0.564s] 1: -- run_test.py: verify result file '/home/vincent-pc/ros2_ws/build/examples_rclcpp_minimal_composition/test_results/examples_rclcpp_minimal_composition/copyright.xunit.xml'
[0.584s] 1/6 Test #1: copyright ........................   Passed    0.50 sec
[0.585s] test 2
[0.586s]     Start 2: cppcheck
[0.587s] 
[0.587s] 2: Test command: /usr/bin/python3 "-u" "/opt/ros/foxy/share/ament_cmake_test/cmake/run_test.py" "/home/vincent-pc/ros2_ws/build/examples_rclcpp_minimal_composition/test_results/examples_rclcpp_minimal_composition/cppcheck.xunit.xml" "--package-name" "examples_rclcpp_minimal_composition" "--output-file" "/home/vincent-pc/ros2_ws/build/examples_rclcpp_minimal_composition/ament_cppcheck/cppcheck.txt" "--command" "/opt/ros/foxy/bin/ament_cppcheck" "--xunit-file" "/home/vincent-pc/ros2_ws/build/examples_rclcpp_minimal_composition/test_results/examples_rclcpp_minimal_composition/cppcheck.xunit.xml" "--include_dirs" "/home/vincent-pc/ros2_ws/src/src/examples/rclcpp/composition/minimal_composition/include"
[0.587s] 2: Test timeout computed to be: 300
[0.685s] 2: -- run_test.py: invoking following command in '/home/vincent-pc/ros2_ws/src/src/examples/rclcpp/composition/minimal_composition':
[0.685s] 2:  - /opt/ros/foxy/bin/ament_cppcheck --xunit-file /home/vincent-pc/ros2_ws/build/examples_rclcpp_minimal_composition/test_results/examples_rclcpp_minimal_composition/cppcheck.xunit.xml --include_dirs /home/vincent-pc/ros2_ws/src/src/examples/rclcpp/composition/minimal_composition/include
[1.085s] 2: No problems found
[1.141s] 2: -- run_test.py: return code 0
[1.142s] 2: -- run_test.py: verify result file '/home/vincent-pc/ros2_ws/build/examples_rclcpp_minimal_composition/test_results/examples_rclcpp_minimal_composition/cppcheck.xunit.xml'
[1.161s] 2/6 Test #2: cppcheck .........................   Passed    0.57 sec
[1.162s] test 3
[1.163s]     Start 3: cpplint
[1.163s] 
[1.163s] 3: Test command: /usr/bin/python3 "-u" "/opt/ros/foxy/share/ament_cmake_test/cmake/run_test.py" "/home/vincent-pc/ros2_ws/build/examples_rclcpp_minimal_composition/test_results/examples_rclcpp_minimal_composition/cpplint.xunit.xml" "--package-name" "examples_rclcpp_minimal_composition" "--output-file" "/home/vincent-pc/ros2_ws/build/examples_rclcpp_minimal_composition/ament_cpplint/cpplint.txt" "--command" "/opt/ros/foxy/bin/ament_cpplint" "--xunit-file" "/home/vincent-pc/ros2_ws/build/examples_rclcpp_minimal_composition/test_results/examples_rclcpp_minimal_composition/cpplint.xunit.xml"
[1.164s] 3: Test timeout computed to be: 120
[1.261s] 3: -- run_test.py: invoking following command in '/home/vincent-pc/ros2_ws/src/src/examples/rclcpp/composition/minimal_composition':
[1.261s] 3:  - /opt/ros/foxy/bin/ament_cpplint --xunit-file /home/vincent-pc/ros2_ws/build/examples_rclcpp_minimal_composition/test_results/examples_rclcpp_minimal_composition/cpplint.xunit.xml
[1.725s] 3: Using '--root=/home/vincent-pc/ros2_ws/src/src/examples/rclcpp/composition/minimal_composition/include' argument
[1.725s] 3: 
[1.725s] 3: Done processing /home/vincent-pc/ros2_ws/src/src/examples/rclcpp/composition/minimal_composition/include/minimal_composition/publisher_node.hpp
[1.725s] 3: 
[1.726s] 3: Done processing /home/vincent-pc/ros2_ws/src/src/examples/rclcpp/composition/minimal_composition/include/minimal_composition/subscriber_node.hpp
[1.726s] 3: 
[1.726s] 3: Done processing /home/vincent-pc/ros2_ws/src/src/examples/rclcpp/composition/minimal_composition/include/minimal_composition/visibility.h
[1.726s] 3: 
[1.726s] 3: Using '--root=/home/vincent-pc/ros2_ws/src/src/examples/rclcpp/composition/minimal_composition/src' argument
[1.726s] 3: 
[1.726s] 3: Done processing /home/vincent-pc/ros2_ws/src/src/examples/rclcpp/composition/minimal_composition/src/composed.cpp
[1.726s] 3: 
[1.726s] 3: Done processing /home/vincent-pc/ros2_ws/src/src/examples/rclcpp/composition/minimal_composition/src/publisher_node.cpp
[1.727s] 3: 
[1.727s] 3: Done processing /home/vincent-pc/ros2_ws/src/src/examples/rclcpp/composition/minimal_composition/src/standalone_publisher.cpp
[1.727s] 3: 
[1.727s] 3: Done processing /home/vincent-pc/ros2_ws/src/src/examples/rclcpp/composition/minimal_composition/src/standalone_subscriber.cpp
[1.727s] 3: 
[1.727s] 3: Done processing /home/vincent-pc/ros2_ws/src/src/examples/rclcpp/composition/minimal_composition/src/subscriber_node.cpp
[1.727s] 3: 
[1.727s] 3: No problems found
[1.757s] 3: -- run_test.py: return code 0
[1.757s] 3: -- run_test.py: verify result file '/home/vincent-pc/ros2_ws/build/examples_rclcpp_minimal_composition/test_results/examples_rclcpp_minimal_composition/cpplint.xunit.xml'
[1.781s] 3/6 Test #3: cpplint ..........................   Passed    0.62 sec
[1.782s] test 4
[1.782s]     Start 4: lint_cmake
[1.782s] 
[1.782s] 4: Test command: /usr/bin/python3 "-u" "/opt/ros/foxy/share/ament_cmake_test/cmake/run_test.py" "/home/vincent-pc/ros2_ws/build/examples_rclcpp_minimal_composition/test_results/examples_rclcpp_minimal_composition/lint_cmake.xunit.xml" "--package-name" "examples_rclcpp_minimal_composition" "--output-file" "/home/vincent-pc/ros2_ws/build/examples_rclcpp_minimal_composition/ament_lint_cmake/lint_cmake.txt" "--command" "/opt/ros/foxy/bin/ament_lint_cmake" "--xunit-file" "/home/vincent-pc/ros2_ws/build/examples_rclcpp_minimal_composition/test_results/examples_rclcpp_minimal_composition/lint_cmake.xunit.xml"
[1.782s] 4: Test timeout computed to be: 60
[1.891s] 4: -- run_test.py: invoking following command in '/home/vincent-pc/ros2_ws/src/src/examples/rclcpp/composition/minimal_composition':
[1.891s] 4:  - /opt/ros/foxy/bin/ament_lint_cmake --xunit-file /home/vincent-pc/ros2_ws/build/examples_rclcpp_minimal_composition/test_results/examples_rclcpp_minimal_composition/lint_cmake.xunit.xml
[2.263s] 4: 
[2.263s] 4: No problems found
[2.296s] 4: -- run_test.py: return code 0
[2.309s] 4: -- run_test.py: verify result file '/home/vincent-pc/ros2_ws/build/examples_rclcpp_minimal_composition/test_results/examples_rclcpp_minimal_composition/lint_cmake.xunit.xml'
[2.322s] 4/6 Test #4: lint_cmake .......................   Passed    0.54 sec
[2.323s] test 5
[2.324s]     Start 5: uncrustify
[2.324s] 
[2.324s] 5: Test command: /usr/bin/python3 "-u" "/opt/ros/foxy/share/ament_cmake_test/cmake/run_test.py" "/home/vincent-pc/ros2_ws/build/examples_rclcpp_minimal_composition/test_results/examples_rclcpp_minimal_composition/uncrustify.xunit.xml" "--package-name" "examples_rclcpp_minimal_composition" "--output-file" "/home/vincent-pc/ros2_ws/build/examples_rclcpp_minimal_composition/ament_uncrustify/uncrustify.txt" "--command" "/opt/ros/foxy/bin/ament_uncrustify" "--xunit-file" "/home/vincent-pc/ros2_ws/build/examples_rclcpp_minimal_composition/test_results/examples_rclcpp_minimal_composition/uncrustify.xunit.xml"
[2.324s] 5: Test timeout computed to be: 60
[2.417s] 5: -- run_test.py: invoking following command in '/home/vincent-pc/ros2_ws/src/src/examples/rclcpp/composition/minimal_composition':
[2.418s] 5:  - /opt/ros/foxy/bin/ament_uncrustify --xunit-file /home/vincent-pc/ros2_ws/build/examples_rclcpp_minimal_composition/test_results/examples_rclcpp_minimal_composition/uncrustify.xunit.xml
[2.777s] 5: No code style divergence in file 'include/minimal_composition/publisher_node.hpp'
[2.777s] 5: 
[2.777s] 5: No code style divergence in file 'include/minimal_composition/subscriber_node.hpp'
[2.778s] 5: 
[2.778s] 5: No code style divergence in file 'include/minimal_composition/visibility.h'
[2.778s] 5: 
[2.778s] 5: No code style divergence in file 'src/composed.cpp'
[2.778s] 5: 
[2.778s] 5: No code style divergence in file 'src/publisher_node.cpp'
[2.778s] 5: 
[2.778s] 5: No code style divergence in file 'src/standalone_publisher.cpp'
[2.779s] 5: 
[2.779s] 5: No code style divergence in file 'src/standalone_subscriber.cpp'
[2.779s] 5: 
[2.779s] 5: No code style divergence in file 'src/subscriber_node.cpp'
[2.779s] 5: 
[2.779s] 5: No problems found
[2.824s] 5: -- run_test.py: return code 0
[2.825s] 5: -- run_test.py: verify result file '/home/vincent-pc/ros2_ws/build/examples_rclcpp_minimal_composition/test_results/examples_rclcpp_minimal_composition/uncrustify.xunit.xml'
[2.839s] 5/6 Test #5: uncrustify .......................   Passed    0.52 sec
[2.840s] test 6
[2.840s]     Start 6: xmllint
[2.840s] 
[2.841s] 6: Test command: /usr/bin/python3 "-u" "/opt/ros/foxy/share/ament_cmake_test/cmake/run_test.py" "/home/vincent-pc/ros2_ws/build/examples_rclcpp_minimal_composition/test_results/examples_rclcpp_minimal_composition/xmllint.xunit.xml" "--package-name" "examples_rclcpp_minimal_composition" "--output-file" "/home/vincent-pc/ros2_ws/build/examples_rclcpp_minimal_composition/ament_xmllint/xmllint.txt" "--command" "/opt/ros/foxy/bin/ament_xmllint" "--xunit-file" "/home/vincent-pc/ros2_ws/build/examples_rclcpp_minimal_composition/test_results/examples_rclcpp_minimal_composition/xmllint.xunit.xml"
[2.841s] 6: Test timeout computed to be: 60
[2.933s] 6: -- run_test.py: invoking following command in '/home/vincent-pc/ros2_ws/src/src/examples/rclcpp/composition/minimal_composition':
[2.934s] 6:  - /opt/ros/foxy/bin/ament_xmllint --xunit-file /home/vincent-pc/ros2_ws/build/examples_rclcpp_minimal_composition/test_results/examples_rclcpp_minimal_composition/xmllint.xunit.xml
[3.409s] 6: File 'package.xml' is invalid:
[3.409s] 6: error : Resource temporarily unavailable
[3.410s] 6: warning: failed to load external entity "http://download.ros.org/schema/package_format2.xsd"
[3.410s] 6: Schemas parser error : Failed to locate the main schema resource at 'http://download.ros.org/schema/package_format2.xsd'.
[3.411s] 6: WXS schema http://download.ros.org/schema/package_format2.xsd failed to compile
[3.411s] 6: 
[3.411s] 6: 1 files are invalid
[3.422s] 6: -- run_test.py: return code 1
[3.422s] 6: -- run_test.py: verify result file '/home/vincent-pc/ros2_ws/build/examples_rclcpp_minimal_composition/test_results/examples_rclcpp_minimal_composition/xmllint.xunit.xml'
[3.427s] 6/6 Test #6: xmllint ..........................***Failed    0.59 sec
[3.428s] 
[3.428s] 83% tests passed[0;0m, [0;31m1 tests failed[0;0m out of 6
[3.428s] 
[3.428s] Label Time Summary:
[3.428s] copyright     =   0.50 sec*proc (1 test)
[3.428s] cppcheck      =   0.57 sec*proc (1 test)
[3.428s] cpplint       =   0.62 sec*proc (1 test)
[3.428s] lint_cmake    =   0.54 sec*proc (1 test)
[3.428s] linter        =   3.33 sec*proc (6 tests)
[3.428s] uncrustify    =   0.52 sec*proc (1 test)
[3.428s] xmllint       =   0.59 sec*proc (1 test)
[3.428s] 
[3.428s] Total Test time (real) =   3.34 sec
[3.428s] 
[3.428s] The following tests FAILED:
[3.428s] 	[0;31m  6 - xmllint (Failed)[0;0m
[3.429s] Errors while running CTest
[3.848s] Invoked command in '/home/vincent-pc/ros2_ws/build/examples_rclcpp_minimal_composition' returned '8': AMENT_PREFIX_PATH=/home/vincent-pc/ros2_ws/install/examples_rclcpp_minimal_composition:${AMENT_PREFIX_PATH} CMAKE_PREFIX_PATH=/home/vincent-pc/ros2_ws/install/examples_rclcpp_minimal_composition LD_LIBRARY_PATH=/home/vincent-pc/ros2_ws/install/examples_rclcpp_minimal_composition/lib:${LD_LIBRARY_PATH} /usr/bin/ctest -C Release -D ExperimentalTest --no-compress-output -V --force-new-ctest-process
