[0.076s] Invoking command in '/home/vincent-pc/ros2_ws/build/examples_rclcpp_minimal_client': AMENT_PREFIX_PATH=/home/vincent-pc/ros2_ws/install/examples_rclcpp_minimal_client:${AMENT_PREFIX_PATH} CMAKE_PREFIX_PATH=/home/vincent-pc/ros2_ws/install/examples_rclcpp_minimal_client /usr/bin/ctest -C Release -D ExperimentalTest --no-compress-output -V --force-new-ctest-process
[0.116s] UpdateCTestConfiguration  from :/home/vincent-pc/ros2_ws/build/examples_rclcpp_minimal_client/CTestConfiguration.ini
[0.116s] Parse Config file:/home/vincent-pc/ros2_ws/build/examples_rclcpp_minimal_client/CTestConfiguration.ini
[0.116s]    Site: vincentpc-Aspire-A315-57G
[0.117s]    Build name: (empty)
[0.117s]  Add coverage exclude regular expressions.
[0.117s] SetCTestConfiguration:CMakeCommand:/usr/bin/cmake
[0.117s] Create new tag: 20241118-1535 - Experimental
[0.117s] UpdateCTestConfiguration  from :/home/vincent-pc/ros2_ws/build/examples_rclcpp_minimal_client/CTestConfiguration.ini
[0.117s] Parse Config file:/home/vincent-pc/ros2_ws/build/examples_rclcpp_minimal_client/CTestConfiguration.ini
[0.117s] Test project /home/vincent-pc/ros2_ws/build/examples_rclcpp_minimal_client
[0.117s] Constructing a list of tests
[0.117s] Done constructing a list of tests
[0.118s] Updating test list for fixtures
[0.118s] Added 0 tests to meet fixture requirements
[0.118s] Checking test dependency graph...
[0.118s] Checking test dependency graph end
[0.118s] test 1
[0.118s]     Start 1: copyright
[0.118s] 
[0.118s] 1: Test command: /usr/bin/python3 "-u" "/opt/ros/foxy/share/ament_cmake_test/cmake/run_test.py" "/home/vincent-pc/ros2_ws/build/examples_rclcpp_minimal_client/test_results/examples_rclcpp_minimal_client/copyright.xunit.xml" "--package-name" "examples_rclcpp_minimal_client" "--output-file" "/home/vincent-pc/ros2_ws/build/examples_rclcpp_minimal_client/ament_copyright/copyright.txt" "--command" "/opt/ros/foxy/bin/ament_copyright" "--xunit-file" "/home/vincent-pc/ros2_ws/build/examples_rclcpp_minimal_client/test_results/examples_rclcpp_minimal_client/copyright.xunit.xml"
[0.118s] 1: Test timeout computed to be: 60
[0.166s] 1: -- run_test.py: invoking following command in '/home/vincent-pc/ros2_ws/src/src/examples/rclcpp/services/minimal_client':
[0.167s] 1:  - /opt/ros/foxy/bin/ament_copyright --xunit-file /home/vincent-pc/ros2_ws/build/examples_rclcpp_minimal_client/test_results/examples_rclcpp_minimal_client/copyright.xunit.xml
[0.490s] 1: No problems found, checked 1 files
[0.533s] 1: -- run_test.py: return code 0
[0.533s] 1: -- run_test.py: verify result file '/home/vincent-pc/ros2_ws/build/examples_rclcpp_minimal_client/test_results/examples_rclcpp_minimal_client/copyright.xunit.xml'
[0.547s] 1/6 Test #1: copyright ........................   Passed    0.46 sec
[0.548s] test 2
[0.549s]     Start 2: cppcheck
[0.549s] 
[0.550s] 2: Test command: /usr/bin/python3 "-u" "/opt/ros/foxy/share/ament_cmake_test/cmake/run_test.py" "/home/vincent-pc/ros2_ws/build/examples_rclcpp_minimal_client/test_results/examples_rclcpp_minimal_client/cppcheck.xunit.xml" "--package-name" "examples_rclcpp_minimal_client" "--output-file" "/home/vincent-pc/ros2_ws/build/examples_rclcpp_minimal_client/ament_cppcheck/cppcheck.txt" "--command" "/opt/ros/foxy/bin/ament_cppcheck" "--xunit-file" "/home/vincent-pc/ros2_ws/build/examples_rclcpp_minimal_client/test_results/examples_rclcpp_minimal_client/cppcheck.xunit.xml"
[0.550s] 2: Test timeout computed to be: 300
[0.658s] 2: -- run_test.py: invoking following command in '/home/vincent-pc/ros2_ws/src/src/examples/rclcpp/services/minimal_client':
[0.658s] 2:  - /opt/ros/foxy/bin/ament_cppcheck --xunit-file /home/vincent-pc/ros2_ws/build/examples_rclcpp_minimal_client/test_results/examples_rclcpp_minimal_client/cppcheck.xunit.xml
[1.040s] 2: No problems found
[1.090s] 2: -- run_test.py: return code 0
[1.090s] 2: -- run_test.py: verify result file '/home/vincent-pc/ros2_ws/build/examples_rclcpp_minimal_client/test_results/examples_rclcpp_minimal_client/cppcheck.xunit.xml'
[1.118s] 2/6 Test #2: cppcheck .........................   Passed    0.57 sec
[1.119s] test 3
[1.119s]     Start 3: cpplint
[1.119s] 
[1.119s] 3: Test command: /usr/bin/python3 "-u" "/opt/ros/foxy/share/ament_cmake_test/cmake/run_test.py" "/home/vincent-pc/ros2_ws/build/examples_rclcpp_minimal_client/test_results/examples_rclcpp_minimal_client/cpplint.xunit.xml" "--package-name" "examples_rclcpp_minimal_client" "--output-file" "/home/vincent-pc/ros2_ws/build/examples_rclcpp_minimal_client/ament_cpplint/cpplint.txt" "--command" "/opt/ros/foxy/bin/ament_cpplint" "--xunit-file" "/home/vincent-pc/ros2_ws/build/examples_rclcpp_minimal_client/test_results/examples_rclcpp_minimal_client/cpplint.xunit.xml"
[1.119s] 3: Test timeout computed to be: 120
[1.247s] 3: -- run_test.py: invoking following command in '/home/vincent-pc/ros2_ws/src/src/examples/rclcpp/services/minimal_client':
[1.248s] 3:  - /opt/ros/foxy/bin/ament_cpplint --xunit-file /home/vincent-pc/ros2_ws/build/examples_rclcpp_minimal_client/test_results/examples_rclcpp_minimal_client/cpplint.xunit.xml
[1.633s] 3: Using '--root=..' argument
[1.633s] 3: 
[1.633s] 3: Done processing /home/vincent-pc/ros2_ws/src/src/examples/rclcpp/services/minimal_client/main.cpp
[1.634s] 3: 
[1.634s] 3: No problems found
[1.677s] 3: -- run_test.py: return code 0
[1.677s] 3: -- run_test.py: verify result file '/home/vincent-pc/ros2_ws/build/examples_rclcpp_minimal_client/test_results/examples_rclcpp_minimal_client/cpplint.xunit.xml'
[1.678s] 3/6 Test #3: cpplint ..........................   Passed    0.56 sec
[1.678s] test 4
[1.678s]     Start 4: lint_cmake
[1.678s] 
[1.678s] 4: Test command: /usr/bin/python3 "-u" "/opt/ros/foxy/share/ament_cmake_test/cmake/run_test.py" "/home/vincent-pc/ros2_ws/build/examples_rclcpp_minimal_client/test_results/examples_rclcpp_minimal_client/lint_cmake.xunit.xml" "--package-name" "examples_rclcpp_minimal_client" "--output-file" "/home/vincent-pc/ros2_ws/build/examples_rclcpp_minimal_client/ament_lint_cmake/lint_cmake.txt" "--command" "/opt/ros/foxy/bin/ament_lint_cmake" "--xunit-file" "/home/vincent-pc/ros2_ws/build/examples_rclcpp_minimal_client/test_results/examples_rclcpp_minimal_client/lint_cmake.xunit.xml"
[1.679s] 4: Test timeout computed to be: 60
[1.783s] 4: -- run_test.py: invoking following command in '/home/vincent-pc/ros2_ws/src/src/examples/rclcpp/services/minimal_client':
[1.783s] 4:  - /opt/ros/foxy/bin/ament_lint_cmake --xunit-file /home/vincent-pc/ros2_ws/build/examples_rclcpp_minimal_client/test_results/examples_rclcpp_minimal_client/lint_cmake.xunit.xml
[2.119s] 4: 
[2.120s] 4: No problems found
[2.145s] 4: -- run_test.py: return code 0
[2.158s] 4: -- run_test.py: verify result file '/home/vincent-pc/ros2_ws/build/examples_rclcpp_minimal_client/test_results/examples_rclcpp_minimal_client/lint_cmake.xunit.xml'
[2.163s] 4/6 Test #4: lint_cmake .......................   Passed    0.48 sec
[2.163s] test 5
[2.164s]     Start 5: uncrustify
[2.164s] 
[2.164s] 5: Test command: /usr/bin/python3 "-u" "/opt/ros/foxy/share/ament_cmake_test/cmake/run_test.py" "/home/vincent-pc/ros2_ws/build/examples_rclcpp_minimal_client/test_results/examples_rclcpp_minimal_client/uncrustify.xunit.xml" "--package-name" "examples_rclcpp_minimal_client" "--output-file" "/home/vincent-pc/ros2_ws/build/examples_rclcpp_minimal_client/ament_uncrustify/uncrustify.txt" "--command" "/opt/ros/foxy/bin/ament_uncrustify" "--xunit-file" "/home/vincent-pc/ros2_ws/build/examples_rclcpp_minimal_client/test_results/examples_rclcpp_minimal_client/uncrustify.xunit.xml"
[2.164s] 5: Test timeout computed to be: 60
[2.266s] 5: -- run_test.py: invoking following command in '/home/vincent-pc/ros2_ws/src/src/examples/rclcpp/services/minimal_client':
[2.266s] 5:  - /opt/ros/foxy/bin/ament_uncrustify --xunit-file /home/vincent-pc/ros2_ws/build/examples_rclcpp_minimal_client/test_results/examples_rclcpp_minimal_client/uncrustify.xunit.xml
[2.632s] 5: No code style divergence in file 'main.cpp'
[2.632s] 5: 
[2.632s] 5: No problems found
[2.662s] 5: -- run_test.py: return code 0
[2.662s] 5: -- run_test.py: verify result file '/home/vincent-pc/ros2_ws/build/examples_rclcpp_minimal_client/test_results/examples_rclcpp_minimal_client/uncrustify.xunit.xml'
[2.675s] 5/6 Test #5: uncrustify .......................   Passed    0.51 sec
[2.675s] test 6
[2.676s]     Start 6: xmllint
[2.677s] 
[2.677s] 6: Test command: /usr/bin/python3 "-u" "/opt/ros/foxy/share/ament_cmake_test/cmake/run_test.py" "/home/vincent-pc/ros2_ws/build/examples_rclcpp_minimal_client/test_results/examples_rclcpp_minimal_client/xmllint.xunit.xml" "--package-name" "examples_rclcpp_minimal_client" "--output-file" "/home/vincent-pc/ros2_ws/build/examples_rclcpp_minimal_client/ament_xmllint/xmllint.txt" "--command" "/opt/ros/foxy/bin/ament_xmllint" "--xunit-file" "/home/vincent-pc/ros2_ws/build/examples_rclcpp_minimal_client/test_results/examples_rclcpp_minimal_client/xmllint.xunit.xml"
[2.677s] 6: Test timeout computed to be: 60
[2.786s] 6: -- run_test.py: invoking following command in '/home/vincent-pc/ros2_ws/src/src/examples/rclcpp/services/minimal_client':
[2.786s] 6:  - /opt/ros/foxy/bin/ament_xmllint --xunit-file /home/vincent-pc/ros2_ws/build/examples_rclcpp_minimal_client/test_results/examples_rclcpp_minimal_client/xmllint.xunit.xml
[3.200s] 6: File 'package.xml' is invalid:
[3.201s] 6: error : Resource temporarily unavailable
[3.201s] 6: warning: failed to load external entity "http://download.ros.org/schema/package_format2.xsd"
[3.201s] 6: Schemas parser error : Failed to locate the main schema resource at 'http://download.ros.org/schema/package_format2.xsd'.
[3.201s] 6: WXS schema http://download.ros.org/schema/package_format2.xsd failed to compile
[3.201s] 6: 
[3.202s] 6: 1 files are invalid
[3.266s] 6: -- run_test.py: return code 1
[3.267s] 6: -- run_test.py: verify result file '/home/vincent-pc/ros2_ws/build/examples_rclcpp_minimal_client/test_results/examples_rclcpp_minimal_client/xmllint.xunit.xml'
[3.295s] 6/6 Test #6: xmllint ..........................***Failed    0.62 sec
[3.295s] 
[3.297s] 83% tests passed[0;0m, [0;31m1 tests failed[0;0m out of 6
[3.298s] 
[3.298s] Label Time Summary:
[3.298s] copyright     =   0.46 sec*proc (1 test)
[3.298s] cppcheck      =   0.57 sec*proc (1 test)
[3.298s] cpplint       =   0.56 sec*proc (1 test)
[3.298s] lint_cmake    =   0.48 sec*proc (1 test)
[3.298s] linter        =   3.20 sec*proc (6 tests)
[3.298s] uncrustify    =   0.51 sec*proc (1 test)
[3.299s] xmllint       =   0.62 sec*proc (1 test)
[3.299s] 
[3.299s] Total Test time (real) =   3.21 sec
[3.299s] 
[3.299s] The following tests FAILED:
[3.301s] 	[0;31m  6 - xmllint (Failed)[0;0m
[3.357s] Errors while running CTest
[3.392s] Invoked command in '/home/vincent-pc/ros2_ws/build/examples_rclcpp_minimal_client' returned '8': AMENT_PREFIX_PATH=/home/vincent-pc/ros2_ws/install/examples_rclcpp_minimal_client:${AMENT_PREFIX_PATH} CMAKE_PREFIX_PATH=/home/vincent-pc/ros2_ws/install/examples_rclcpp_minimal_client /usr/bin/ctest -C Release -D ExperimentalTest --no-compress-output -V --force-new-ctest-process
