[0.081s] Invoking command in '/home/vincent-pc/ros2_ws/build/examples_rclcpp_minimal_action_client': AMENT_PREFIX_PATH=/home/vincent-pc/ros2_ws/install/examples_rclcpp_minimal_action_client:${AMENT_PREFIX_PATH} CMAKE_PREFIX_PATH=/home/vincent-pc/ros2_ws/install/examples_rclcpp_minimal_action_client /usr/bin/ctest -C Release -D ExperimentalTest --no-compress-output -V --force-new-ctest-process
[0.115s] UpdateCTestConfiguration  from :/home/vincent-pc/ros2_ws/build/examples_rclcpp_minimal_action_client/CTestConfiguration.ini
[0.115s] Parse Config file:/home/vincent-pc/ros2_ws/build/examples_rclcpp_minimal_action_client/CTestConfiguration.ini
[0.115s]    Site: vincentpc-Aspire-A315-57G
[0.115s]    Build name: (empty)
[0.116s]  Add coverage exclude regular expressions.
[0.116s] SetCTestConfiguration:CMakeCommand:/usr/bin/cmake
[0.116s] Create new tag: 20241118-1535 - Experimental
[0.116s] UpdateCTestConfiguration  from :/home/vincent-pc/ros2_ws/build/examples_rclcpp_minimal_action_client/CTestConfiguration.ini
[0.116s] Parse Config file:/home/vincent-pc/ros2_ws/build/examples_rclcpp_minimal_action_client/CTestConfiguration.ini
[0.116s] Test project /home/vincent-pc/ros2_ws/build/examples_rclcpp_minimal_action_client
[0.116s] Constructing a list of tests
[0.116s] Done constructing a list of tests
[0.116s] Updating test list for fixtures
[0.117s] Added 0 tests to meet fixture requirements
[0.117s] Checking test dependency graph...
[0.117s] Checking test dependency graph end
[0.117s] test 1
[0.117s]     Start 1: copyright
[0.117s] 
[0.117s] 1: Test command: /usr/bin/python3 "-u" "/opt/ros/foxy/share/ament_cmake_test/cmake/run_test.py" "/home/vincent-pc/ros2_ws/build/examples_rclcpp_minimal_action_client/test_results/examples_rclcpp_minimal_action_client/copyright.xunit.xml" "--package-name" "examples_rclcpp_minimal_action_client" "--output-file" "/home/vincent-pc/ros2_ws/build/examples_rclcpp_minimal_action_client/ament_copyright/copyright.txt" "--command" "/opt/ros/foxy/bin/ament_copyright" "--xunit-file" "/home/vincent-pc/ros2_ws/build/examples_rclcpp_minimal_action_client/test_results/examples_rclcpp_minimal_action_client/copyright.xunit.xml"
[0.118s] 1: Test timeout computed to be: 60
[0.185s] 1: -- run_test.py: invoking following command in '/home/vincent-pc/ros2_ws/src/src/examples/rclcpp/actions/minimal_action_client':
[0.185s] 1:  - /opt/ros/foxy/bin/ament_copyright --xunit-file /home/vincent-pc/ros2_ws/build/examples_rclcpp_minimal_action_client/test_results/examples_rclcpp_minimal_action_client/copyright.xunit.xml
[0.532s] 1: No problems found, checked 4 files
[0.584s] 1: -- run_test.py: return code 0
[0.584s] 1: -- run_test.py: verify result file '/home/vincent-pc/ros2_ws/build/examples_rclcpp_minimal_action_client/test_results/examples_rclcpp_minimal_action_client/copyright.xunit.xml'
[0.607s] 1/6 Test #1: copyright ........................   Passed    0.51 sec
[0.607s] test 2
[0.607s]     Start 2: cppcheck
[0.607s] 
[0.607s] 2: Test command: /usr/bin/python3 "-u" "/opt/ros/foxy/share/ament_cmake_test/cmake/run_test.py" "/home/vincent-pc/ros2_ws/build/examples_rclcpp_minimal_action_client/test_results/examples_rclcpp_minimal_action_client/cppcheck.xunit.xml" "--package-name" "examples_rclcpp_minimal_action_client" "--output-file" "/home/vincent-pc/ros2_ws/build/examples_rclcpp_minimal_action_client/ament_cppcheck/cppcheck.txt" "--command" "/opt/ros/foxy/bin/ament_cppcheck" "--xunit-file" "/home/vincent-pc/ros2_ws/build/examples_rclcpp_minimal_action_client/test_results/examples_rclcpp_minimal_action_client/cppcheck.xunit.xml"
[0.607s] 2: Test timeout computed to be: 300
[0.704s] 2: -- run_test.py: invoking following command in '/home/vincent-pc/ros2_ws/src/src/examples/rclcpp/actions/minimal_action_client':
[0.704s] 2:  - /opt/ros/foxy/bin/ament_cppcheck --xunit-file /home/vincent-pc/ros2_ws/build/examples_rclcpp_minimal_action_client/test_results/examples_rclcpp_minimal_action_client/cppcheck.xunit.xml
[1.109s] 2: No problems found
[1.163s] 2: -- run_test.py: return code 0
[1.163s] 2: -- run_test.py: verify result file '/home/vincent-pc/ros2_ws/build/examples_rclcpp_minimal_action_client/test_results/examples_rclcpp_minimal_action_client/cppcheck.xunit.xml'
[1.191s] 2/6 Test #2: cppcheck .........................   Passed    0.59 sec
[1.192s] test 3
[1.193s]     Start 3: cpplint
[1.194s] 
[1.194s] 3: Test command: /usr/bin/python3 "-u" "/opt/ros/foxy/share/ament_cmake_test/cmake/run_test.py" "/home/vincent-pc/ros2_ws/build/examples_rclcpp_minimal_action_client/test_results/examples_rclcpp_minimal_action_client/cpplint.xunit.xml" "--package-name" "examples_rclcpp_minimal_action_client" "--output-file" "/home/vincent-pc/ros2_ws/build/examples_rclcpp_minimal_action_client/ament_cpplint/cpplint.txt" "--command" "/opt/ros/foxy/bin/ament_cpplint" "--xunit-file" "/home/vincent-pc/ros2_ws/build/examples_rclcpp_minimal_action_client/test_results/examples_rclcpp_minimal_action_client/cpplint.xunit.xml"
[1.194s] 3: Test timeout computed to be: 120
[1.296s] 3: -- run_test.py: invoking following command in '/home/vincent-pc/ros2_ws/src/src/examples/rclcpp/actions/minimal_action_client':
[1.296s] 3:  - /opt/ros/foxy/bin/ament_cpplint --xunit-file /home/vincent-pc/ros2_ws/build/examples_rclcpp_minimal_action_client/test_results/examples_rclcpp_minimal_action_client/cpplint.xunit.xml
[1.794s] 3: Using '--root=..' argument
[1.794s] 3: 
[1.795s] 3: Done processing /home/vincent-pc/ros2_ws/src/src/examples/rclcpp/actions/minimal_action_client/member_functions.cpp
[1.795s] 3: 
[1.795s] 3: Done processing /home/vincent-pc/ros2_ws/src/src/examples/rclcpp/actions/minimal_action_client/not_composable.cpp
[1.795s] 3: 
[1.795s] 3: Done processing /home/vincent-pc/ros2_ws/src/src/examples/rclcpp/actions/minimal_action_client/not_composable_with_cancel.cpp
[1.795s] 3: 
[1.795s] 3: Done processing /home/vincent-pc/ros2_ws/src/src/examples/rclcpp/actions/minimal_action_client/not_composable_with_feedback.cpp
[1.795s] 3: 
[1.795s] 3: No problems found
[1.834s] 3: -- run_test.py: return code 0
[1.834s] 3: -- run_test.py: verify result file '/home/vincent-pc/ros2_ws/build/examples_rclcpp_minimal_action_client/test_results/examples_rclcpp_minimal_action_client/cpplint.xunit.xml'
[1.853s] 3/6 Test #3: cpplint ..........................   Passed    0.66 sec
[1.854s] test 4
[1.856s]     Start 4: lint_cmake
[1.856s] 
[1.856s] 4: Test command: /usr/bin/python3 "-u" "/opt/ros/foxy/share/ament_cmake_test/cmake/run_test.py" "/home/vincent-pc/ros2_ws/build/examples_rclcpp_minimal_action_client/test_results/examples_rclcpp_minimal_action_client/lint_cmake.xunit.xml" "--package-name" "examples_rclcpp_minimal_action_client" "--output-file" "/home/vincent-pc/ros2_ws/build/examples_rclcpp_minimal_action_client/ament_lint_cmake/lint_cmake.txt" "--command" "/opt/ros/foxy/bin/ament_lint_cmake" "--xunit-file" "/home/vincent-pc/ros2_ws/build/examples_rclcpp_minimal_action_client/test_results/examples_rclcpp_minimal_action_client/lint_cmake.xunit.xml"
[1.857s] 4: Test timeout computed to be: 60
[1.963s] 4: -- run_test.py: invoking following command in '/home/vincent-pc/ros2_ws/src/src/examples/rclcpp/actions/minimal_action_client':
[1.963s] 4:  - /opt/ros/foxy/bin/ament_lint_cmake --xunit-file /home/vincent-pc/ros2_ws/build/examples_rclcpp_minimal_action_client/test_results/examples_rclcpp_minimal_action_client/lint_cmake.xunit.xml
[2.287s] 4: 
[2.287s] 4: No problems found
[2.329s] 4: -- run_test.py: return code 0
[2.329s] 4: -- run_test.py: verify result file '/home/vincent-pc/ros2_ws/build/examples_rclcpp_minimal_action_client/test_results/examples_rclcpp_minimal_action_client/lint_cmake.xunit.xml'
[2.352s] 4/6 Test #4: lint_cmake .......................   Passed    0.50 sec
[2.352s] test 5
[2.353s]     Start 5: uncrustify
[2.354s] 
[2.354s] 5: Test command: /usr/bin/python3 "-u" "/opt/ros/foxy/share/ament_cmake_test/cmake/run_test.py" "/home/vincent-pc/ros2_ws/build/examples_rclcpp_minimal_action_client/test_results/examples_rclcpp_minimal_action_client/uncrustify.xunit.xml" "--package-name" "examples_rclcpp_minimal_action_client" "--output-file" "/home/vincent-pc/ros2_ws/build/examples_rclcpp_minimal_action_client/ament_uncrustify/uncrustify.txt" "--command" "/opt/ros/foxy/bin/ament_uncrustify" "--xunit-file" "/home/vincent-pc/ros2_ws/build/examples_rclcpp_minimal_action_client/test_results/examples_rclcpp_minimal_action_client/uncrustify.xunit.xml"
[2.354s] 5: Test timeout computed to be: 60
[2.446s] 5: -- run_test.py: invoking following command in '/home/vincent-pc/ros2_ws/src/src/examples/rclcpp/actions/minimal_action_client':
[2.447s] 5:  - /opt/ros/foxy/bin/ament_uncrustify --xunit-file /home/vincent-pc/ros2_ws/build/examples_rclcpp_minimal_action_client/test_results/examples_rclcpp_minimal_action_client/uncrustify.xunit.xml
[2.816s] 5: No code style divergence in file 'member_functions.cpp'
[2.816s] 5: 
[2.817s] 5: No code style divergence in file 'not_composable.cpp'
[2.817s] 5: 
[2.817s] 5: No code style divergence in file 'not_composable_with_cancel.cpp'
[2.817s] 5: 
[2.817s] 5: No code style divergence in file 'not_composable_with_feedback.cpp'
[2.817s] 5: 
[2.817s] 5: No problems found
[2.860s] 5: -- run_test.py: return code 0
[2.860s] 5: -- run_test.py: verify result file '/home/vincent-pc/ros2_ws/build/examples_rclcpp_minimal_action_client/test_results/examples_rclcpp_minimal_action_client/uncrustify.xunit.xml'
[2.878s] 5/6 Test #5: uncrustify .......................   Passed    0.52 sec
[2.878s] test 6
[2.878s]     Start 6: xmllint
[2.878s] 
[2.878s] 6: Test command: /usr/bin/python3 "-u" "/opt/ros/foxy/share/ament_cmake_test/cmake/run_test.py" "/home/vincent-pc/ros2_ws/build/examples_rclcpp_minimal_action_client/test_results/examples_rclcpp_minimal_action_client/xmllint.xunit.xml" "--package-name" "examples_rclcpp_minimal_action_client" "--output-file" "/home/vincent-pc/ros2_ws/build/examples_rclcpp_minimal_action_client/ament_xmllint/xmllint.txt" "--command" "/opt/ros/foxy/bin/ament_xmllint" "--xunit-file" "/home/vincent-pc/ros2_ws/build/examples_rclcpp_minimal_action_client/test_results/examples_rclcpp_minimal_action_client/xmllint.xunit.xml"
[2.878s] 6: Test timeout computed to be: 60
[2.972s] 6: -- run_test.py: invoking following command in '/home/vincent-pc/ros2_ws/src/src/examples/rclcpp/actions/minimal_action_client':
[2.972s] 6:  - /opt/ros/foxy/bin/ament_xmllint --xunit-file /home/vincent-pc/ros2_ws/build/examples_rclcpp_minimal_action_client/test_results/examples_rclcpp_minimal_action_client/xmllint.xunit.xml
[3.423s] 6: File 'package.xml' is invalid:
[3.423s] 6: error : Resource temporarily unavailable
[3.423s] 6: warning: failed to load external entity "http://download.ros.org/schema/package_format2.xsd"
[3.423s] 6: Schemas parser error : Failed to locate the main schema resource at 'http://download.ros.org/schema/package_format2.xsd'.
[3.423s] 6: WXS schema http://download.ros.org/schema/package_format2.xsd failed to compile
[3.423s] 6: 
[3.424s] 6: 1 files are invalid
[3.429s] 6: -- run_test.py: return code 1
[3.429s] 6: -- run_test.py: verify result file '/home/vincent-pc/ros2_ws/build/examples_rclcpp_minimal_action_client/test_results/examples_rclcpp_minimal_action_client/xmllint.xunit.xml'
[3.440s] Errors while running CTest
[3.440s] 6/6 Test #6: xmllint ..........................***Failed    0.54 sec
[3.440s] 
[3.440s] 83% tests passed[0;0m, [0;31m1 tests failed[0;0m out of 6
[3.440s] 
[3.440s] Label Time Summary:
[3.440s] copyright     =   0.51 sec*proc (1 test)
[3.440s] cppcheck      =   0.59 sec*proc (1 test)
[3.441s] cpplint       =   0.66 sec*proc (1 test)
[3.441s] lint_cmake    =   0.50 sec*proc (1 test)
[3.441s] linter        =   3.32 sec*proc (6 tests)
[3.441s] uncrustify    =   0.52 sec*proc (1 test)
[3.441s] xmllint       =   0.54 sec*proc (1 test)
[3.441s] 
[3.441s] Total Test time (real) =   3.33 sec
[3.441s] 
[3.441s] The following tests FAILED:
[3.442s] 	[0;31m  6 - xmllint (Failed)[0;0m
[3.654s] Invoked command in '/home/vincent-pc/ros2_ws/build/examples_rclcpp_minimal_action_client' returned '8': AMENT_PREFIX_PATH=/home/vincent-pc/ros2_ws/install/examples_rclcpp_minimal_action_client:${AMENT_PREFIX_PATH} CMAKE_PREFIX_PATH=/home/vincent-pc/ros2_ws/install/examples_rclcpp_minimal_action_client /usr/bin/ctest -C Release -D ExperimentalTest --no-compress-output -V --force-new-ctest-process
