<?xml version="1.0" encoding="UTF-8"?>
<Site BuildName="(empty)"
	BuildStamp="20241118-1535-Experimental"
	Name="vincentpc-Aspire-A315-57G"
	Generator="ctest-3.16.3"
	CompilerName="/usr/bin/c++"
	CompilerVersion="9.4.0"
	OSName="Linux"
	Hostname="vincentpc-Aspire-A315-57G"
	OSRelease="5.4.0-200-generic"
	OSVersion="#220-Ubuntu SMP Fri Sep 27 13:19:16 UTC 2024"
	OSPlatform="x86_64"
	Is64Bits="1"
	VendorString="GenuineIntel"
	VendorID="Intel Corporation"
	FamilyID="6"
	ModelID="126"
	ProcessorCacheSize="6144"
	NumberOfLogicalCPU="8"
	NumberOfPhysicalCPU="4"
	TotalVirtualMemory="4290"
	TotalPhysicalMemory="7719"
	LogicalProcessorsPerPhysical="2"
	ProcessorClockFrequency="2911.43"
	>
	<Testing>
		<StartDateTime>Nov 18 10:35 -05</StartDateTime>
		<StartTestTime>1731944143</StartTestTime>
		<TestList>
			<Test>./copyright</Test>
			<Test>./cppcheck</Test>
			<Test>./cpplint</Test>
			<Test>./lint_cmake</Test>
			<Test>./uncrustify</Test>
			<Test>./xmllint</Test>
		</TestList>
		<Test Status="passed">
			<Name>copyright</Name>
			<Path>.</Path>
			<FullName>./copyright</FullName>
			<FullCommandLine>/usr/bin/python3 "-u" "/opt/ros/foxy/share/ament_cmake_test/cmake/run_test.py" "/home/vincent-pc/ros2_ws/build/examples_rclcpp_minimal_composition/test_results/examples_rclcpp_minimal_composition/copyright.xunit.xml" "--package-name" "examples_rclcpp_minimal_composition" "--output-file" "/home/vincent-pc/ros2_ws/build/examples_rclcpp_minimal_composition/ament_copyright/copyright.txt" "--command" "/opt/ros/foxy/bin/ament_copyright" "--xunit-file" "/home/vincent-pc/ros2_ws/build/examples_rclcpp_minimal_composition/test_results/examples_rclcpp_minimal_composition/copyright.xunit.xml"</FullCommandLine>
			<Results>
				<NamedMeasurement type="numeric/double" name="Execution Time">
					<Value>0.496288</Value>
				</NamedMeasurement>
				<NamedMeasurement type="numeric/double" name="Processors">
					<Value>1</Value>
				</NamedMeasurement>
				<NamedMeasurement type="text/string" name="Completion Status">
					<Value>Completed</Value>
				</NamedMeasurement>
				<NamedMeasurement type="text/string" name="Command Line">
					<Value>/usr/bin/python3 "-u" "/opt/ros/foxy/share/ament_cmake_test/cmake/run_test.py" "/home/vincent-pc/ros2_ws/build/examples_rclcpp_minimal_composition/test_results/examples_rclcpp_minimal_composition/copyright.xunit.xml" "--package-name" "examples_rclcpp_minimal_composition" "--output-file" "/home/vincent-pc/ros2_ws/build/examples_rclcpp_minimal_composition/ament_copyright/copyright.txt" "--command" "/opt/ros/foxy/bin/ament_copyright" "--xunit-file" "/home/vincent-pc/ros2_ws/build/examples_rclcpp_minimal_composition/test_results/examples_rclcpp_minimal_composition/copyright.xunit.xml"</Value>
				</NamedMeasurement>
				<Measurement>
					<Value>-- run_test.py: invoking following command in '/home/vincent-pc/ros2_ws/src/src/examples/rclcpp/composition/minimal_composition':
 - /opt/ros/foxy/bin/ament_copyright --xunit-file /home/vincent-pc/ros2_ws/build/examples_rclcpp_minimal_composition/test_results/examples_rclcpp_minimal_composition/copyright.xunit.xml
No problems found, checked 8 files
-- run_test.py: return code 0
-- run_test.py: verify result file '/home/vincent-pc/ros2_ws/build/examples_rclcpp_minimal_composition/test_results/examples_rclcpp_minimal_composition/copyright.xunit.xml'
</Value>
				</Measurement>
			</Results>
			<Labels>
				<Label>copyright</Label>
				<Label>linter</Label>
			</Labels>
		</Test>
		<Test Status="passed">
			<Name>cppcheck</Name>
			<Path>.</Path>
			<FullName>./cppcheck</FullName>
			<FullCommandLine>/usr/bin/python3 "-u" "/opt/ros/foxy/share/ament_cmake_test/cmake/run_test.py" "/home/vincent-pc/ros2_ws/build/examples_rclcpp_minimal_composition/test_results/examples_rclcpp_minimal_composition/cppcheck.xunit.xml" "--package-name" "examples_rclcpp_minimal_composition" "--output-file" "/home/vincent-pc/ros2_ws/build/examples_rclcpp_minimal_composition/ament_cppcheck/cppcheck.txt" "--command" "/opt/ros/foxy/bin/ament_cppcheck" "--xunit-file" "/home/vincent-pc/ros2_ws/build/examples_rclcpp_minimal_composition/test_results/examples_rclcpp_minimal_composition/cppcheck.xunit.xml" "--include_dirs" "/home/vincent-pc/ros2_ws/src/src/examples/rclcpp/composition/minimal_composition/include"</FullCommandLine>
			<Results>
				<NamedMeasurement type="numeric/double" name="Execution Time">
					<Value>0.574851</Value>
				</NamedMeasurement>
				<NamedMeasurement type="numeric/double" name="Processors">
					<Value>1</Value>
				</NamedMeasurement>
				<NamedMeasurement type="text/string" name="Completion Status">
					<Value>Completed</Value>
				</NamedMeasurement>
				<NamedMeasurement type="text/string" name="Command Line">
					<Value>/usr/bin/python3 "-u" "/opt/ros/foxy/share/ament_cmake_test/cmake/run_test.py" "/home/vincent-pc/ros2_ws/build/examples_rclcpp_minimal_composition/test_results/examples_rclcpp_minimal_composition/cppcheck.xunit.xml" "--package-name" "examples_rclcpp_minimal_composition" "--output-file" "/home/vincent-pc/ros2_ws/build/examples_rclcpp_minimal_composition/ament_cppcheck/cppcheck.txt" "--command" "/opt/ros/foxy/bin/ament_cppcheck" "--xunit-file" "/home/vincent-pc/ros2_ws/build/examples_rclcpp_minimal_composition/test_results/examples_rclcpp_minimal_composition/cppcheck.xunit.xml" "--include_dirs" "/home/vincent-pc/ros2_ws/src/src/examples/rclcpp/composition/minimal_composition/include"</Value>
				</NamedMeasurement>
				<Measurement>
					<Value>-- run_test.py: invoking following command in '/home/vincent-pc/ros2_ws/src/src/examples/rclcpp/composition/minimal_composition':
 - /opt/ros/foxy/bin/ament_cppcheck --xunit-file /home/vincent-pc/ros2_ws/build/examples_rclcpp_minimal_composition/test_results/examples_rclcpp_minimal_composition/cppcheck.xunit.xml --include_dirs /home/vincent-pc/ros2_ws/src/src/examples/rclcpp/composition/minimal_composition/include
No problems found
-- run_test.py: return code 0
-- run_test.py: verify result file '/home/vincent-pc/ros2_ws/build/examples_rclcpp_minimal_composition/test_results/examples_rclcpp_minimal_composition/cppcheck.xunit.xml'
</Value>
				</Measurement>
			</Results>
			<Labels>
				<Label>cppcheck</Label>
				<Label>linter</Label>
			</Labels>
		</Test>
		<Test Status="passed">
			<Name>cpplint</Name>
			<Path>.</Path>
			<FullName>./cpplint</FullName>
			<FullCommandLine>/usr/bin/python3 "-u" "/opt/ros/foxy/share/ament_cmake_test/cmake/run_test.py" "/home/vincent-pc/ros2_ws/build/examples_rclcpp_minimal_composition/test_results/examples_rclcpp_minimal_composition/cpplint.xunit.xml" "--package-name" "examples_rclcpp_minimal_composition" "--output-file" "/home/vincent-pc/ros2_ws/build/examples_rclcpp_minimal_composition/ament_cpplint/cpplint.txt" "--command" "/opt/ros/foxy/bin/ament_cpplint" "--xunit-file" "/home/vincent-pc/ros2_ws/build/examples_rclcpp_minimal_composition/test_results/examples_rclcpp_minimal_composition/cpplint.xunit.xml"</FullCommandLine>
			<Results>
				<NamedMeasurement type="numeric/double" name="Execution Time">
					<Value>0.618541</Value>
				</NamedMeasurement>
				<NamedMeasurement type="numeric/double" name="Processors">
					<Value>1</Value>
				</NamedMeasurement>
				<NamedMeasurement type="text/string" name="Completion Status">
					<Value>Completed</Value>
				</NamedMeasurement>
				<NamedMeasurement type="text/string" name="Command Line">
					<Value>/usr/bin/python3 "-u" "/opt/ros/foxy/share/ament_cmake_test/cmake/run_test.py" "/home/vincent-pc/ros2_ws/build/examples_rclcpp_minimal_composition/test_results/examples_rclcpp_minimal_composition/cpplint.xunit.xml" "--package-name" "examples_rclcpp_minimal_composition" "--output-file" "/home/vincent-pc/ros2_ws/build/examples_rclcpp_minimal_composition/ament_cpplint/cpplint.txt" "--command" "/opt/ros/foxy/bin/ament_cpplint" "--xunit-file" "/home/vincent-pc/ros2_ws/build/examples_rclcpp_minimal_composition/test_results/examples_rclcpp_minimal_composition/cpplint.xunit.xml"</Value>
				</NamedMeasurement>
				<Measurement>
					<Value>-- run_test.py: invoking following command in '/home/vincent-pc/ros2_ws/src/src/examples/rclcpp/composition/minimal_composition':
 - /opt/ros/foxy/bin/ament_cpplint --xunit-file /home/vincent-pc/ros2_ws/build/examples_rclcpp_minimal_composition/test_results/examples_rclcpp_minimal_composition/cpplint.xunit.xml
Using '--root=/home/vincent-pc/ros2_ws/src/src/examples/rclcpp/composition/minimal_composition/include' argument

Done processing /home/vincent-pc/ros2_ws/src/src/examples/rclcpp/composition/minimal_composition/include/minimal_composition/publisher_node.hpp

Done processing /home/vincent-pc/ros2_ws/src/src/examples/rclcpp/composition/minimal_composition/include/minimal_composition/subscriber_node.hpp

Done processing /home/vincent-pc/ros2_ws/src/src/examples/rclcpp/composition/minimal_composition/include/minimal_composition/visibility.h

Using '--root=/home/vincent-pc/ros2_ws/src/src/examples/rclcpp/composition/minimal_composition/src' argument

Done processing /home/vincent-pc/ros2_ws/src/src/examples/rclcpp/composition/minimal_composition/src/composed.cpp

Done processing /home/vincent-pc/ros2_ws/src/src/examples/rclcpp/composition/minimal_composition/src/publisher_node.cpp

Done processing /home/vincent-pc/ros2_ws/src/src/examples/rclcpp/composition/minimal_composition/src/standalone_publisher.cpp

Done processing /home/vincent-pc/ros2_ws/src/src/examples/rclcpp/composition/minimal_composition/src/standalone_subscriber.cpp

Done processing /home/vincent-pc/ros2_ws/src/src/examples/rclcpp/composition/minimal_composition/src/subscriber_node.cpp

No problems found
-- run_test.py: return code 0
-- run_test.py: verify result file '/home/vincent-pc/ros2_ws/build/examples_rclcpp_minimal_composition/test_results/examples_rclcpp_minimal_composition/cpplint.xunit.xml'
</Value>
				</Measurement>
			</Results>
			<Labels>
				<Label>cpplint</Label>
				<Label>linter</Label>
			</Labels>
		</Test>
		<Test Status="passed">
			<Name>lint_cmake</Name>
			<Path>.</Path>
			<FullName>./lint_cmake</FullName>
			<FullCommandLine>/usr/bin/python3 "-u" "/opt/ros/foxy/share/ament_cmake_test/cmake/run_test.py" "/home/vincent-pc/ros2_ws/build/examples_rclcpp_minimal_composition/test_results/examples_rclcpp_minimal_composition/lint_cmake.xunit.xml" "--package-name" "examples_rclcpp_minimal_composition" "--output-file" "/home/vincent-pc/ros2_ws/build/examples_rclcpp_minimal_composition/ament_lint_cmake/lint_cmake.txt" "--command" "/opt/ros/foxy/bin/ament_lint_cmake" "--xunit-file" "/home/vincent-pc/ros2_ws/build/examples_rclcpp_minimal_composition/test_results/examples_rclcpp_minimal_composition/lint_cmake.xunit.xml"</FullCommandLine>
			<Results>
				<NamedMeasurement type="numeric/double" name="Execution Time">
					<Value>0.540128</Value>
				</NamedMeasurement>
				<NamedMeasurement type="numeric/double" name="Processors">
					<Value>1</Value>
				</NamedMeasurement>
				<NamedMeasurement type="text/string" name="Completion Status">
					<Value>Completed</Value>
				</NamedMeasurement>
				<NamedMeasurement type="text/string" name="Command Line">
					<Value>/usr/bin/python3 "-u" "/opt/ros/foxy/share/ament_cmake_test/cmake/run_test.py" "/home/vincent-pc/ros2_ws/build/examples_rclcpp_minimal_composition/test_results/examples_rclcpp_minimal_composition/lint_cmake.xunit.xml" "--package-name" "examples_rclcpp_minimal_composition" "--output-file" "/home/vincent-pc/ros2_ws/build/examples_rclcpp_minimal_composition/ament_lint_cmake/lint_cmake.txt" "--command" "/opt/ros/foxy/bin/ament_lint_cmake" "--xunit-file" "/home/vincent-pc/ros2_ws/build/examples_rclcpp_minimal_composition/test_results/examples_rclcpp_minimal_composition/lint_cmake.xunit.xml"</Value>
				</NamedMeasurement>
				<Measurement>
					<Value>-- run_test.py: invoking following command in '/home/vincent-pc/ros2_ws/src/src/examples/rclcpp/composition/minimal_composition':
 - /opt/ros/foxy/bin/ament_lint_cmake --xunit-file /home/vincent-pc/ros2_ws/build/examples_rclcpp_minimal_composition/test_results/examples_rclcpp_minimal_composition/lint_cmake.xunit.xml

No problems found
-- run_test.py: return code 0
-- run_test.py: verify result file '/home/vincent-pc/ros2_ws/build/examples_rclcpp_minimal_composition/test_results/examples_rclcpp_minimal_composition/lint_cmake.xunit.xml'
</Value>
				</Measurement>
			</Results>
			<Labels>
				<Label>lint_cmake</Label>
				<Label>linter</Label>
			</Labels>
		</Test>
		<Test Status="passed">
			<Name>uncrustify</Name>
			<Path>.</Path>
			<FullName>./uncrustify</FullName>
			<FullCommandLine>/usr/bin/python3 "-u" "/opt/ros/foxy/share/ament_cmake_test/cmake/run_test.py" "/home/vincent-pc/ros2_ws/build/examples_rclcpp_minimal_composition/test_results/examples_rclcpp_minimal_composition/uncrustify.xunit.xml" "--package-name" "examples_rclcpp_minimal_composition" "--output-file" "/home/vincent-pc/ros2_ws/build/examples_rclcpp_minimal_composition/ament_uncrustify/uncrustify.txt" "--command" "/opt/ros/foxy/bin/ament_uncrustify" "--xunit-file" "/home/vincent-pc/ros2_ws/build/examples_rclcpp_minimal_composition/test_results/examples_rclcpp_minimal_composition/uncrustify.xunit.xml"</FullCommandLine>
			<Results>
				<NamedMeasurement type="numeric/double" name="Execution Time">
					<Value>0.515154</Value>
				</NamedMeasurement>
				<NamedMeasurement type="numeric/double" name="Processors">
					<Value>1</Value>
				</NamedMeasurement>
				<NamedMeasurement type="text/string" name="Completion Status">
					<Value>Completed</Value>
				</NamedMeasurement>
				<NamedMeasurement type="text/string" name="Command Line">
					<Value>/usr/bin/python3 "-u" "/opt/ros/foxy/share/ament_cmake_test/cmake/run_test.py" "/home/vincent-pc/ros2_ws/build/examples_rclcpp_minimal_composition/test_results/examples_rclcpp_minimal_composition/uncrustify.xunit.xml" "--package-name" "examples_rclcpp_minimal_composition" "--output-file" "/home/vincent-pc/ros2_ws/build/examples_rclcpp_minimal_composition/ament_uncrustify/uncrustify.txt" "--command" "/opt/ros/foxy/bin/ament_uncrustify" "--xunit-file" "/home/vincent-pc/ros2_ws/build/examples_rclcpp_minimal_composition/test_results/examples_rclcpp_minimal_composition/uncrustify.xunit.xml"</Value>
				</NamedMeasurement>
				<Measurement>
					<Value>-- run_test.py: invoking following command in '/home/vincent-pc/ros2_ws/src/src/examples/rclcpp/composition/minimal_composition':
 - /opt/ros/foxy/bin/ament_uncrustify --xunit-file /home/vincent-pc/ros2_ws/build/examples_rclcpp_minimal_composition/test_results/examples_rclcpp_minimal_composition/uncrustify.xunit.xml
No code style divergence in file 'include/minimal_composition/publisher_node.hpp'

No code style divergence in file 'include/minimal_composition/subscriber_node.hpp'

No code style divergence in file 'include/minimal_composition/visibility.h'

No code style divergence in file 'src/composed.cpp'

No code style divergence in file 'src/publisher_node.cpp'

No code style divergence in file 'src/standalone_publisher.cpp'

No code style divergence in file 'src/standalone_subscriber.cpp'

No code style divergence in file 'src/subscriber_node.cpp'

No problems found
-- run_test.py: return code 0
-- run_test.py: verify result file '/home/vincent-pc/ros2_ws/build/examples_rclcpp_minimal_composition/test_results/examples_rclcpp_minimal_composition/uncrustify.xunit.xml'
</Value>
				</Measurement>
			</Results>
			<Labels>
				<Label>linter</Label>
				<Label>uncrustify</Label>
			</Labels>
		</Test>
		<Test Status="failed">
			<Name>xmllint</Name>
			<Path>.</Path>
			<FullName>./xmllint</FullName>
			<FullCommandLine>/usr/bin/python3 "-u" "/opt/ros/foxy/share/ament_cmake_test/cmake/run_test.py" "/home/vincent-pc/ros2_ws/build/examples_rclcpp_minimal_composition/test_results/examples_rclcpp_minimal_composition/xmllint.xunit.xml" "--package-name" "examples_rclcpp_minimal_composition" "--output-file" "/home/vincent-pc/ros2_ws/build/examples_rclcpp_minimal_composition/ament_xmllint/xmllint.txt" "--command" "/opt/ros/foxy/bin/ament_xmllint" "--xunit-file" "/home/vincent-pc/ros2_ws/build/examples_rclcpp_minimal_composition/test_results/examples_rclcpp_minimal_composition/xmllint.xunit.xml"</FullCommandLine>
			<Results>
				<NamedMeasurement type="text/string" name="Exit Code">
					<Value>Failed</Value>
				</NamedMeasurement>
				<NamedMeasurement type="text/string" name="Exit Value">
					<Value>1</Value>
				</NamedMeasurement>
				<NamedMeasurement type="numeric/double" name="Execution Time">
					<Value>0.58822</Value>
				</NamedMeasurement>
				<NamedMeasurement type="numeric/double" name="Processors">
					<Value>1</Value>
				</NamedMeasurement>
				<NamedMeasurement type="text/string" name="Completion Status">
					<Value>Completed</Value>
				</NamedMeasurement>
				<NamedMeasurement type="text/string" name="Command Line">
					<Value>/usr/bin/python3 "-u" "/opt/ros/foxy/share/ament_cmake_test/cmake/run_test.py" "/home/vincent-pc/ros2_ws/build/examples_rclcpp_minimal_composition/test_results/examples_rclcpp_minimal_composition/xmllint.xunit.xml" "--package-name" "examples_rclcpp_minimal_composition" "--output-file" "/home/vincent-pc/ros2_ws/build/examples_rclcpp_minimal_composition/ament_xmllint/xmllint.txt" "--command" "/opt/ros/foxy/bin/ament_xmllint" "--xunit-file" "/home/vincent-pc/ros2_ws/build/examples_rclcpp_minimal_composition/test_results/examples_rclcpp_minimal_composition/xmllint.xunit.xml"</Value>
				</NamedMeasurement>
				<Measurement>
					<Value>-- run_test.py: invoking following command in '/home/vincent-pc/ros2_ws/src/src/examples/rclcpp/composition/minimal_composition':
 - /opt/ros/foxy/bin/ament_xmllint --xunit-file /home/vincent-pc/ros2_ws/build/examples_rclcpp_minimal_composition/test_results/examples_rclcpp_minimal_composition/xmllint.xunit.xml
File 'package.xml' is invalid:
error : Resource temporarily unavailable
warning: failed to load external entity "http://download.ros.org/schema/package_format2.xsd"
Schemas parser error : Failed to locate the main schema resource at 'http://download.ros.org/schema/package_format2.xsd'.
WXS schema http://download.ros.org/schema/package_format2.xsd failed to compile

1 files are invalid
-- run_test.py: return code 1
-- run_test.py: verify result file '/home/vincent-pc/ros2_ws/build/examples_rclcpp_minimal_composition/test_results/examples_rclcpp_minimal_composition/xmllint.xunit.xml'
</Value>
				</Measurement>
			</Results>
			<Labels>
				<Label>linter</Label>
				<Label>xmllint</Label>
			</Labels>
		</Test>
		<EndDateTime>Nov 18 10:35 -05</EndDateTime>
		<EndTestTime>1731944147</EndTestTime>
		<ElapsedMinutes>0</ElapsedMinutes>
	</Testing>
</Site>
