[0.075s] Invoking command in '/home/vincent-pc/ros2_ws/build/examples_rclcpp_minimal_publisher': AMENT_PREFIX_PATH=/home/vincent-pc/ros2_ws/install/examples_rclcpp_minimal_publisher:${AMENT_PREFIX_PATH} CMAKE_PREFIX_PATH=/home/vincent-pc/ros2_ws/install/examples_rclcpp_minimal_publisher /usr/bin/ctest -C Release -D ExperimentalTest --no-compress-output -V --force-new-ctest-process
[0.114s] UpdateCTestConfiguration  from :/home/vincent-pc/ros2_ws/build/examples_rclcpp_minimal_publisher/CTestConfiguration.ini
[0.115s] Parse Config file:/home/vincent-pc/ros2_ws/build/examples_rclcpp_minimal_publisher/CTestConfiguration.ini
[0.115s]    Site: vincentpc-Aspire-A315-57G
[0.115s]    Build name: (empty)
[0.115s]  Add coverage exclude regular expressions.
[0.115s] SetCTestConfiguration:CMakeCommand:/usr/bin/cmake
[0.115s] Create new tag: 20241118-1535 - Experimental
[0.115s] UpdateCTestConfiguration  from :/home/vincent-pc/ros2_ws/build/examples_rclcpp_minimal_publisher/CTestConfiguration.ini
[0.115s] Parse Config file:/home/vincent-pc/ros2_ws/build/examples_rclcpp_minimal_publisher/CTestConfiguration.ini
[0.116s] Test project /home/vincent-pc/ros2_ws/build/examples_rclcpp_minimal_publisher
[0.116s] Constructing a list of tests
[0.116s] Done constructing a list of tests
[0.116s] Updating test list for fixtures
[0.116s] Added 0 tests to meet fixture requirements
[0.116s] Checking test dependency graph...
[0.116s] Checking test dependency graph end
[0.116s] test 1
[0.116s]     Start 1: copyright
[0.116s] 
[0.117s] 1: Test command: /usr/bin/python3 "-u" "/opt/ros/foxy/share/ament_cmake_test/cmake/run_test.py" "/home/vincent-pc/ros2_ws/build/examples_rclcpp_minimal_publisher/test_results/examples_rclcpp_minimal_publisher/copyright.xunit.xml" "--package-name" "examples_rclcpp_minimal_publisher" "--output-file" "/home/vincent-pc/ros2_ws/build/examples_rclcpp_minimal_publisher/ament_copyright/copyright.txt" "--command" "/opt/ros/foxy/bin/ament_copyright" "--xunit-file" "/home/vincent-pc/ros2_ws/build/examples_rclcpp_minimal_publisher/test_results/examples_rclcpp_minimal_publisher/copyright.xunit.xml"
[0.117s] 1: Test timeout computed to be: 60
[0.170s] 1: -- run_test.py: invoking following command in '/home/vincent-pc/ros2_ws/src/src/examples/rclcpp/topics/minimal_publisher':
[0.171s] 1:  - /opt/ros/foxy/bin/ament_copyright --xunit-file /home/vincent-pc/ros2_ws/build/examples_rclcpp_minimal_publisher/test_results/examples_rclcpp_minimal_publisher/copyright.xunit.xml
[0.501s] 1: No problems found, checked 3 files
[0.546s] 1: -- run_test.py: return code 0
[0.546s] 1: -- run_test.py: verify result file '/home/vincent-pc/ros2_ws/build/examples_rclcpp_minimal_publisher/test_results/examples_rclcpp_minimal_publisher/copyright.xunit.xml'
[0.574s] 1/6 Test #1: copyright ........................   Passed    0.49 sec
[0.574s] test 2
[0.574s]     Start 2: cppcheck
[0.574s] 
[0.575s] 2: Test command: /usr/bin/python3 "-u" "/opt/ros/foxy/share/ament_cmake_test/cmake/run_test.py" "/home/vincent-pc/ros2_ws/build/examples_rclcpp_minimal_publisher/test_results/examples_rclcpp_minimal_publisher/cppcheck.xunit.xml" "--package-name" "examples_rclcpp_minimal_publisher" "--output-file" "/home/vincent-pc/ros2_ws/build/examples_rclcpp_minimal_publisher/ament_cppcheck/cppcheck.txt" "--command" "/opt/ros/foxy/bin/ament_cppcheck" "--xunit-file" "/home/vincent-pc/ros2_ws/build/examples_rclcpp_minimal_publisher/test_results/examples_rclcpp_minimal_publisher/cppcheck.xunit.xml"
[0.576s] 2: Test timeout computed to be: 300
[0.675s] 2: -- run_test.py: invoking following command in '/home/vincent-pc/ros2_ws/src/src/examples/rclcpp/topics/minimal_publisher':
[0.675s] 2:  - /opt/ros/foxy/bin/ament_cppcheck --xunit-file /home/vincent-pc/ros2_ws/build/examples_rclcpp_minimal_publisher/test_results/examples_rclcpp_minimal_publisher/cppcheck.xunit.xml
[1.042s] 2: No problems found
[1.100s] 2: -- run_test.py: return code 0
[1.100s] 2: -- run_test.py: verify result file '/home/vincent-pc/ros2_ws/build/examples_rclcpp_minimal_publisher/test_results/examples_rclcpp_minimal_publisher/cppcheck.xunit.xml'
[1.136s] 2/6 Test #2: cppcheck .........................   Passed    0.56 sec
[1.136s] test 3
[1.136s]     Start 3: cpplint
[1.136s] 
[1.137s] 3: Test command: /usr/bin/python3 "-u" "/opt/ros/foxy/share/ament_cmake_test/cmake/run_test.py" "/home/vincent-pc/ros2_ws/build/examples_rclcpp_minimal_publisher/test_results/examples_rclcpp_minimal_publisher/cpplint.xunit.xml" "--package-name" "examples_rclcpp_minimal_publisher" "--output-file" "/home/vincent-pc/ros2_ws/build/examples_rclcpp_minimal_publisher/ament_cpplint/cpplint.txt" "--command" "/opt/ros/foxy/bin/ament_cpplint" "--xunit-file" "/home/vincent-pc/ros2_ws/build/examples_rclcpp_minimal_publisher/test_results/examples_rclcpp_minimal_publisher/cpplint.xunit.xml"
[1.137s] 3: Test timeout computed to be: 120
[1.235s] 3: -- run_test.py: invoking following command in '/home/vincent-pc/ros2_ws/src/src/examples/rclcpp/topics/minimal_publisher':
[1.236s] 3:  - /opt/ros/foxy/bin/ament_cpplint --xunit-file /home/vincent-pc/ros2_ws/build/examples_rclcpp_minimal_publisher/test_results/examples_rclcpp_minimal_publisher/cpplint.xunit.xml
[1.674s] 3: Using '--root=..' argument
[1.674s] 3: 
[1.674s] 3: Done processing /home/vincent-pc/ros2_ws/src/src/examples/rclcpp/topics/minimal_publisher/lambda.cpp
[1.674s] 3: 
[1.674s] 3: Done processing /home/vincent-pc/ros2_ws/src/src/examples/rclcpp/topics/minimal_publisher/member_function.cpp
[1.674s] 3: 
[1.675s] 3: Done processing /home/vincent-pc/ros2_ws/src/src/examples/rclcpp/topics/minimal_publisher/not_composable.cpp
[1.675s] 3: 
[1.675s] 3: No problems found
[1.707s] 3: -- run_test.py: return code 0
[1.708s] 3: -- run_test.py: verify result file '/home/vincent-pc/ros2_ws/build/examples_rclcpp_minimal_publisher/test_results/examples_rclcpp_minimal_publisher/cpplint.xunit.xml'
[1.727s] 3/6 Test #3: cpplint ..........................   Passed    0.59 sec
[1.728s] test 4
[1.729s]     Start 4: lint_cmake
[1.729s] 
[1.729s] 4: Test command: /usr/bin/python3 "-u" "/opt/ros/foxy/share/ament_cmake_test/cmake/run_test.py" "/home/vincent-pc/ros2_ws/build/examples_rclcpp_minimal_publisher/test_results/examples_rclcpp_minimal_publisher/lint_cmake.xunit.xml" "--package-name" "examples_rclcpp_minimal_publisher" "--output-file" "/home/vincent-pc/ros2_ws/build/examples_rclcpp_minimal_publisher/ament_lint_cmake/lint_cmake.txt" "--command" "/opt/ros/foxy/bin/ament_lint_cmake" "--xunit-file" "/home/vincent-pc/ros2_ws/build/examples_rclcpp_minimal_publisher/test_results/examples_rclcpp_minimal_publisher/lint_cmake.xunit.xml"
[1.729s] 4: Test timeout computed to be: 60
[1.841s] 4: -- run_test.py: invoking following command in '/home/vincent-pc/ros2_ws/src/src/examples/rclcpp/topics/minimal_publisher':
[1.841s] 4:  - /opt/ros/foxy/bin/ament_lint_cmake --xunit-file /home/vincent-pc/ros2_ws/build/examples_rclcpp_minimal_publisher/test_results/examples_rclcpp_minimal_publisher/lint_cmake.xunit.xml
[2.180s] 4: 
[2.180s] 4: No problems found
[2.225s] 4: -- run_test.py: return code 0
[2.225s] 4: -- run_test.py: verify result file '/home/vincent-pc/ros2_ws/build/examples_rclcpp_minimal_publisher/test_results/examples_rclcpp_minimal_publisher/lint_cmake.xunit.xml'
[2.239s] 4/6 Test #4: lint_cmake .......................   Passed    0.51 sec
[2.240s] test 5
[2.240s]     Start 5: uncrustify
[2.240s] 
[2.240s] 5: Test command: /usr/bin/python3 "-u" "/opt/ros/foxy/share/ament_cmake_test/cmake/run_test.py" "/home/vincent-pc/ros2_ws/build/examples_rclcpp_minimal_publisher/test_results/examples_rclcpp_minimal_publisher/uncrustify.xunit.xml" "--package-name" "examples_rclcpp_minimal_publisher" "--output-file" "/home/vincent-pc/ros2_ws/build/examples_rclcpp_minimal_publisher/ament_uncrustify/uncrustify.txt" "--command" "/opt/ros/foxy/bin/ament_uncrustify" "--xunit-file" "/home/vincent-pc/ros2_ws/build/examples_rclcpp_minimal_publisher/test_results/examples_rclcpp_minimal_publisher/uncrustify.xunit.xml"
[2.240s] 5: Test timeout computed to be: 60
[2.348s] 5: -- run_test.py: invoking following command in '/home/vincent-pc/ros2_ws/src/src/examples/rclcpp/topics/minimal_publisher':
[2.348s] 5:  - /opt/ros/foxy/bin/ament_uncrustify --xunit-file /home/vincent-pc/ros2_ws/build/examples_rclcpp_minimal_publisher/test_results/examples_rclcpp_minimal_publisher/uncrustify.xunit.xml
[2.686s] 5: No code style divergence in file 'lambda.cpp'
[2.687s] 5: 
[2.687s] 5: No code style divergence in file 'member_function.cpp'
[2.687s] 5: 
[2.687s] 5: No code style divergence in file 'not_composable.cpp'
[2.687s] 5: 
[2.687s] 5: No problems found
[2.730s] 5: -- run_test.py: return code 0
[2.730s] 5: -- run_test.py: verify result file '/home/vincent-pc/ros2_ws/build/examples_rclcpp_minimal_publisher/test_results/examples_rclcpp_minimal_publisher/uncrustify.xunit.xml'
[2.740s] 5/6 Test #5: uncrustify .......................   Passed    0.50 sec
[2.741s] test 6
[2.741s]     Start 6: xmllint
[2.741s] 
[2.741s] 6: Test command: /usr/bin/python3 "-u" "/opt/ros/foxy/share/ament_cmake_test/cmake/run_test.py" "/home/vincent-pc/ros2_ws/build/examples_rclcpp_minimal_publisher/test_results/examples_rclcpp_minimal_publisher/xmllint.xunit.xml" "--package-name" "examples_rclcpp_minimal_publisher" "--output-file" "/home/vincent-pc/ros2_ws/build/examples_rclcpp_minimal_publisher/ament_xmllint/xmllint.txt" "--command" "/opt/ros/foxy/bin/ament_xmllint" "--xunit-file" "/home/vincent-pc/ros2_ws/build/examples_rclcpp_minimal_publisher/test_results/examples_rclcpp_minimal_publisher/xmllint.xunit.xml"
[2.742s] 6: Test timeout computed to be: 60
[2.844s] 6: -- run_test.py: invoking following command in '/home/vincent-pc/ros2_ws/src/src/examples/rclcpp/topics/minimal_publisher':
[2.844s] 6:  - /opt/ros/foxy/bin/ament_xmllint --xunit-file /home/vincent-pc/ros2_ws/build/examples_rclcpp_minimal_publisher/test_results/examples_rclcpp_minimal_publisher/xmllint.xunit.xml
[3.206s] 6: File 'package.xml' is invalid:
[3.206s] 6: error : Resource temporarily unavailable
[3.206s] 6: warning: failed to load external entity "http://download.ros.org/schema/package_format2.xsd"
[3.206s] 6: Schemas parser error : Failed to locate the main schema resource at 'http://download.ros.org/schema/package_format2.xsd'.
[3.207s] 6: WXS schema http://download.ros.org/schema/package_format2.xsd failed to compile
[3.207s] 6: 
[3.207s] 6: 1 files are invalid
[3.256s] 6: -- run_test.py: return code 1
[3.257s] 6: -- run_test.py: verify result file '/home/vincent-pc/ros2_ws/build/examples_rclcpp_minimal_publisher/test_results/examples_rclcpp_minimal_publisher/xmllint.xunit.xml'
[3.289s] 6/6 Test #6: xmllint ..........................***Failed    0.55 sec
[3.289s] 
[3.289s] 83% tests passed[0;0m, [0;31m1 tests failed[0;0m out of 6
[3.289s] 
[3.289s] Label Time Summary:
[3.289s] copyright     =   0.49 sec*proc (1 test)
[3.289s] cppcheck      =   0.56 sec*proc (1 test)
[3.289s] cpplint       =   0.59 sec*proc (1 test)
[3.289s] lint_cmake    =   0.51 sec*proc (1 test)
[3.289s] linter        =   3.20 sec*proc (6 tests)
[3.289s] uncrustify    =   0.50 sec*proc (1 test)
[3.289s] xmllint       =   0.55 sec*proc (1 test)
[3.290s] 
[3.290s] Total Test time (real) =   3.20 sec
[3.290s] 
[3.290s] The following tests FAILED:
[3.290s] 	[0;31m  6 - xmllint (Failed)[0;0m
[3.291s] Errors while running CTest
[3.306s] Invoked command in '/home/vincent-pc/ros2_ws/build/examples_rclcpp_minimal_publisher' returned '8': AMENT_PREFIX_PATH=/home/vincent-pc/ros2_ws/install/examples_rclcpp_minimal_publisher:${AMENT_PREFIX_PATH} CMAKE_PREFIX_PATH=/home/vincent-pc/ros2_ws/install/examples_rclcpp_minimal_publisher /usr/bin/ctest -C Release -D ExperimentalTest --no-compress-output -V --force-new-ctest-process
